(0.000) SELECT @@SQL_AUTO_IS_NULL; args=None
(0.000) SET SESSION TRANSACTION ISOLATION LEVEL READ COMMITTED; args=None
(0.000) SELECT VERSION(); args=None
(0.000) SELECT @@SQL_AUTO_IS_NULL; args=None
(0.000) SET SESSION TRANSACTION ISOLATION LEVEL READ COMMITTED; args=None
(0.000) SELECT VERSION(); args=None
(0.000) SET SESSION TRANSACTION ISOLATION LEVEL READ COMMITTED; args=None
(0.000) SHOW FULL TABLES; args=None
"GET / HTTP/1.1" 200 16348
"GET /static/admin/css/fonts.css HTTP/1.1" 304 0
"GET /static/admin/fonts/Roboto-Bold-webfont.woff HTTP/1.1" 304 0
"GET /static/admin/fonts/Roboto-Regular-webfont.woff HTTP/1.1" 304 0
"GET /static/admin/fonts/Roboto-Light-webfont.woff HTTP/1.1" 304 0
(0.000) SELECT @@SQL_AUTO_IS_NULL; args=None
(0.000) SET SESSION TRANSACTION ISOLATION LEVEL READ COMMITTED; args=None
(0.000) SELECT VERSION(); args=None
(0.000) SET SESSION TRANSACTION ISOLATION LEVEL READ COMMITTED; args=None
(0.000) SELECT `django_session`.`session_key`, `django_session`.`session_data`, `django_session`.`expire_date` FROM `django_session` WHERE (`django_session`.`expire_date` > '2019-05-03 19:57:59.987652' AND `django_session`.`session_key` = 'lhv485c88izn16k6h8zqjcon7ok405zr'); args=('2019-05-03 19:57:59.987652', 'lhv485c88izn16k6h8zqjcon7ok405zr')
Internal Server Error: /admin/
Traceback (most recent call last):
  File "/data/portal/env/lib/python3.6/site-packages/django/contrib/sessions/backends/base.py", line 191, in _get_session
    return self._session_cache
AttributeError: 'SessionStore' object has no attribute '_session_cache'

During handling of the above exception, another exception occurred:

Traceback (most recent call last):
  File "/data/portal/env/lib/python3.6/site-packages/django/db/backends/utils.py", line 85, in _execute
    return self.cursor.execute(sql, params)
  File "/data/portal/env/lib/python3.6/site-packages/django/db/backends/mysql/base.py", line 71, in execute
    return self.cursor.execute(query, args)
  File "/data/portal/env/lib/python3.6/site-packages/MySQLdb/cursors.py", line 250, in execute
    self.errorhandler(self, exc, value)
  File "/data/portal/env/lib/python3.6/site-packages/MySQLdb/connections.py", line 50, in defaulterrorhandler
    raise errorvalue
  File "/data/portal/env/lib/python3.6/site-packages/MySQLdb/cursors.py", line 247, in execute
    res = self._query(query)
  File "/data/portal/env/lib/python3.6/site-packages/MySQLdb/cursors.py", line 411, in _query
    rowcount = self._do_query(q)
  File "/data/portal/env/lib/python3.6/site-packages/MySQLdb/cursors.py", line 374, in _do_query
    db.query(q)
  File "/data/portal/env/lib/python3.6/site-packages/MySQLdb/connections.py", line 277, in query
    _mysql.connection.query(self, query)
_mysql_exceptions.ProgrammingError: (1146, "Table 'test.django_session' doesn't exist")

The above exception was the direct cause of the following exception:

Traceback (most recent call last):
  File "/data/portal/env/lib/python3.6/site-packages/django/core/handlers/exception.py", line 35, in inner
    response = get_response(request)
  File "/data/portal/env/lib/python3.6/site-packages/django/core/handlers/base.py", line 128, in _get_response
    response = self.process_exception_by_middleware(e, request)
  File "/data/portal/env/lib/python3.6/site-packages/django/core/handlers/base.py", line 126, in _get_response
    response = wrapped_callback(request, *callback_args, **callback_kwargs)
  File "/data/portal/env/lib/python3.6/site-packages/django/contrib/admin/sites.py", line 241, in wrapper
    return self.admin_view(view, cacheable)(*args, **kwargs)
  File "/data/portal/env/lib/python3.6/site-packages/django/utils/decorators.py", line 142, in _wrapped_view
    response = view_func(request, *args, **kwargs)
  File "/data/portal/env/lib/python3.6/site-packages/django/views/decorators/cache.py", line 44, in _wrapped_view_func
    response = view_func(request, *args, **kwargs)
  File "/data/portal/env/lib/python3.6/site-packages/django/contrib/admin/sites.py", line 212, in inner
    if not self.has_permission(request):
  File "/data/portal/env/lib/python3.6/site-packages/django/contrib/admin/sites.py", line 186, in has_permission
    return request.user.is_active and request.user.is_staff
  File "/data/portal/env/lib/python3.6/site-packages/django/utils/functional.py", line 215, in inner
    self._setup()
  File "/data/portal/env/lib/python3.6/site-packages/django/utils/functional.py", line 349, in _setup
    self._wrapped = self._setupfunc()
  File "/data/portal/env/lib/python3.6/site-packages/django/contrib/auth/middleware.py", line 24, in <lambda>
    request.user = SimpleLazyObject(lambda: get_user(request))
  File "/data/portal/env/lib/python3.6/site-packages/django/contrib/auth/middleware.py", line 12, in get_user
    request._cached_user = auth.get_user(request)
  File "/data/portal/env/lib/python3.6/site-packages/django/contrib/auth/__init__.py", line 211, in get_user
    user_id = _get_user_session_key(request)
  File "/data/portal/env/lib/python3.6/site-packages/django/contrib/auth/__init__.py", line 61, in _get_user_session_key
    return get_user_model()._meta.pk.to_python(request.session[SESSION_KEY])
  File "/data/portal/env/lib/python3.6/site-packages/django/contrib/sessions/backends/base.py", line 55, in __getitem__
    return self._session[key]
  File "/data/portal/env/lib/python3.6/site-packages/django/contrib/sessions/backends/base.py", line 196, in _get_session
    self._session_cache = self.load()
  File "/data/portal/env/lib/python3.6/site-packages/django/contrib/sessions/backends/db.py", line 34, in load
    expire_date__gt=timezone.now()
  File "/data/portal/env/lib/python3.6/site-packages/django/db/models/manager.py", line 82, in manager_method
    return getattr(self.get_queryset(), name)(*args, **kwargs)
  File "/data/portal/env/lib/python3.6/site-packages/django/db/models/query.py", line 397, in get
    num = len(clone)
  File "/data/portal/env/lib/python3.6/site-packages/django/db/models/query.py", line 254, in __len__
    self._fetch_all()
  File "/data/portal/env/lib/python3.6/site-packages/django/db/models/query.py", line 1179, in _fetch_all
    self._result_cache = list(self._iterable_class(self))
  File "/data/portal/env/lib/python3.6/site-packages/django/db/models/query.py", line 53, in __iter__
    results = compiler.execute_sql(chunked_fetch=self.chunked_fetch, chunk_size=self.chunk_size)
  File "/data/portal/env/lib/python3.6/site-packages/django/db/models/sql/compiler.py", line 1067, in execute_sql
    cursor.execute(sql, params)
  File "/data/portal/env/lib/python3.6/site-packages/django/db/backends/utils.py", line 100, in execute
    return super().execute(sql, params)
  File "/data/portal/env/lib/python3.6/site-packages/django/db/backends/utils.py", line 68, in execute
    return self._execute_with_wrappers(sql, params, many=False, executor=self._execute)
  File "/data/portal/env/lib/python3.6/site-packages/django/db/backends/utils.py", line 77, in _execute_with_wrappers
    return executor(sql, params, many, context)
  File "/data/portal/env/lib/python3.6/site-packages/django/db/backends/utils.py", line 85, in _execute
    return self.cursor.execute(sql, params)
  File "/data/portal/env/lib/python3.6/site-packages/django/db/utils.py", line 89, in __exit__
    raise dj_exc_value.with_traceback(traceback) from exc_value
  File "/data/portal/env/lib/python3.6/site-packages/django/db/backends/utils.py", line 85, in _execute
    return self.cursor.execute(sql, params)
  File "/data/portal/env/lib/python3.6/site-packages/django/db/backends/mysql/base.py", line 71, in execute
    return self.cursor.execute(query, args)
  File "/data/portal/env/lib/python3.6/site-packages/MySQLdb/cursors.py", line 250, in execute
    self.errorhandler(self, exc, value)
  File "/data/portal/env/lib/python3.6/site-packages/MySQLdb/connections.py", line 50, in defaulterrorhandler
    raise errorvalue
  File "/data/portal/env/lib/python3.6/site-packages/MySQLdb/cursors.py", line 247, in execute
    res = self._query(query)
  File "/data/portal/env/lib/python3.6/site-packages/MySQLdb/cursors.py", line 411, in _query
    rowcount = self._do_query(q)
  File "/data/portal/env/lib/python3.6/site-packages/MySQLdb/cursors.py", line 374, in _do_query
    db.query(q)
  File "/data/portal/env/lib/python3.6/site-packages/MySQLdb/connections.py", line 277, in query
    _mysql.connection.query(self, query)
django.db.utils.ProgrammingError: (1146, "Table 'test.django_session' doesn't exist")
(0.000) SELECT `django_session`.`session_key`, `django_session`.`session_data`, `django_session`.`expire_date` FROM `django_session` WHERE (`django_session`.`expire_date` > '2019-05-03 19:58:00.004227' AND `django_session`.`session_key` = 'lhv485c88izn16k6h8zqjcon7ok405zr'); args=('2019-05-03 19:58:00.004227', 'lhv485c88izn16k6h8zqjcon7ok405zr')
(0.000) SELECT `django_session`.`session_key`, `django_session`.`session_data`, `django_session`.`expire_date` FROM `django_session` WHERE (`django_session`.`expire_date` > '2019-05-03 19:58:00.005272' AND `django_session`.`session_key` = 'lhv485c88izn16k6h8zqjcon7ok405zr'); args=('2019-05-03 19:58:00.005272', 'lhv485c88izn16k6h8zqjcon7ok405zr')
(0.000) SELECT `django_session`.`session_key`, `django_session`.`session_data`, `django_session`.`expire_date` FROM `django_session` WHERE (`django_session`.`expire_date` > '2019-05-03 19:57:59.987652' AND `django_session`.`session_key` = 'lhv485c88izn16k6h8zqjcon7ok405zr') LIMIT 21; args=('2019-05-03 19:57:59.987652', 'lhv485c88izn16k6h8zqjcon7ok405zr')
(0.000) SELECT `django_session`.`session_key`, `django_session`.`session_data`, `django_session`.`expire_date` FROM `django_session` LIMIT 21; args=()
(0.000) SELECT `django_session`.`session_key`, `django_session`.`session_data`, `django_session`.`expire_date` FROM `django_session` WHERE (`django_session`.`expire_date` > '2019-05-03 19:57:59.987652' AND `django_session`.`session_key` = 'lhv485c88izn16k6h8zqjcon7ok405zr') LIMIT 21; args=('2019-05-03 19:57:59.987652', 'lhv485c88izn16k6h8zqjcon7ok405zr')
(0.000) SELECT `django_session`.`session_key`, `django_session`.`session_data`, `django_session`.`expire_date` FROM `django_session` WHERE (`django_session`.`expire_date` > '2019-05-03 19:57:59.987652' AND `django_session`.`session_key` = 'lhv485c88izn16k6h8zqjcon7ok405zr') LIMIT 21; args=('2019-05-03 19:57:59.987652', 'lhv485c88izn16k6h8zqjcon7ok405zr')
(0.000) SELECT `django_session`.`session_key`, `django_session`.`session_data`, `django_session`.`expire_date` FROM `django_session` WHERE (`django_session`.`expire_date` > '2019-05-03 19:57:59.987652' AND `django_session`.`session_key` = 'lhv485c88izn16k6h8zqjcon7ok405zr') LIMIT 21; args=('2019-05-03 19:57:59.987652', 'lhv485c88izn16k6h8zqjcon7ok405zr')
(0.000) SELECT `django_session`.`session_key`, `django_session`.`session_data`, `django_session`.`expire_date` FROM `django_session` WHERE (`django_session`.`expire_date` > '2019-05-03 19:58:00.014027' AND `django_session`.`session_key` = 'lhv485c88izn16k6h8zqjcon7ok405zr'); args=('2019-05-03 19:58:00.014027', 'lhv485c88izn16k6h8zqjcon7ok405zr')
"GET /admin/ HTTP/1.1" 500 245703
(0.000) SELECT @@SQL_AUTO_IS_NULL; args=None
(0.000) SET SESSION TRANSACTION ISOLATION LEVEL READ COMMITTED; args=None
(0.000) SELECT VERSION(); args=None
(0.000) SET SESSION TRANSACTION ISOLATION LEVEL READ COMMITTED; args=None
(0.000) SHOW FULL TABLES; args=None
(0.000) SELECT @@SQL_AUTO_IS_NULL; args=None
(0.000) SET SESSION TRANSACTION ISOLATION LEVEL READ COMMITTED; args=None
(0.000) SELECT @@sql_mode; args=None
(0.000) SELECT VERSION(); args=None
(0.000) SHOW FULL TABLES; args=None
(0.000) SHOW FULL TABLES; args=None
(0.000) SHOW FULL TABLES; args=None
CREATE TABLE `django_migrations` (`id` integer AUTO_INCREMENT NOT NULL PRIMARY KEY, `app` varchar(255) NOT NULL, `name` varchar(255) NOT NULL, `applied` datetime(6) NOT NULL); (params None)
(0.018) CREATE TABLE `django_migrations` (`id` integer AUTO_INCREMENT NOT NULL PRIMARY KEY, `app` varchar(255) NOT NULL, `name` varchar(255) NOT NULL, `applied` datetime(6) NOT NULL); args=None
(0.000) SELECT engine FROM information_schema.tables WHERE table_name = 'django_migrations'; args=['django_migrations']
(0.000) SELECT engine FROM information_schema.tables WHERE table_name = 'django_migrations'; args=['django_migrations']
(0.000) SELECT engine FROM information_schema.tables WHERE table_name = 'django_migrations'; args=['django_migrations']
(0.000) SELECT engine FROM information_schema.tables WHERE table_name = 'django_migrations'; args=['django_migrations']
CREATE TABLE `django_content_type` (`id` integer AUTO_INCREMENT NOT NULL PRIMARY KEY, `name` varchar(100) NOT NULL, `app_label` varchar(100) NOT NULL, `model` varchar(100) NOT NULL); (params None)
(0.017) CREATE TABLE `django_content_type` (`id` integer AUTO_INCREMENT NOT NULL PRIMARY KEY, `name` varchar(100) NOT NULL, `app_label` varchar(100) NOT NULL, `model` varchar(100) NOT NULL); args=None
(0.000) SELECT engine FROM information_schema.tables WHERE table_name = 'django_content_type'; args=['django_content_type']
(0.000) SELECT engine FROM information_schema.tables WHERE table_name = 'django_content_type'; args=['django_content_type']
(0.000) SELECT engine FROM information_schema.tables WHERE table_name = 'django_content_type'; args=['django_content_type']
(0.000) SELECT engine FROM information_schema.tables WHERE table_name = 'django_content_type'; args=['django_content_type']
ALTER TABLE `django_content_type` ADD CONSTRAINT django_content_type_app_label_model_76bd3d3b_uniq UNIQUE (`app_label`, `model`); (params ())
(0.013) ALTER TABLE `django_content_type` ADD CONSTRAINT django_content_type_app_label_model_76bd3d3b_uniq UNIQUE (`app_label`, `model`); args=()
(0.000) SHOW FULL TABLES; args=None
(0.000) INSERT INTO `django_migrations` (`app`, `name`, `applied`) VALUES ('contenttypes', '0001_initial', '2019-05-03 20:00:24.469137'); args=['contenttypes', '0001_initial', '2019-05-03 20:00:24.469137']
CREATE TABLE `auth_permission` (`id` integer AUTO_INCREMENT NOT NULL PRIMARY KEY, `name` varchar(50) NOT NULL, `content_type_id` integer NOT NULL, `codename` varchar(100) NOT NULL); (params None)
(0.017) CREATE TABLE `auth_permission` (`id` integer AUTO_INCREMENT NOT NULL PRIMARY KEY, `name` varchar(50) NOT NULL, `content_type_id` integer NOT NULL, `codename` varchar(100) NOT NULL); args=None
(0.000) SELECT engine FROM information_schema.tables WHERE table_name = 'auth_permission'; args=['auth_permission']
(0.000) SELECT engine FROM information_schema.tables WHERE table_name = 'auth_permission'; args=['auth_permission']
(0.000) SELECT engine FROM information_schema.tables WHERE table_name = 'auth_permission'; args=['auth_permission']
(0.000) SELECT engine FROM information_schema.tables WHERE table_name = 'auth_permission'; args=['auth_permission']
CREATE TABLE `auth_group` (`id` integer AUTO_INCREMENT NOT NULL PRIMARY KEY, `name` varchar(80) NOT NULL UNIQUE); (params None)
(0.019) CREATE TABLE `auth_group` (`id` integer AUTO_INCREMENT NOT NULL PRIMARY KEY, `name` varchar(80) NOT NULL UNIQUE); args=None
(0.000) SELECT engine FROM information_schema.tables WHERE table_name = 'auth_group'; args=['auth_group']
(0.000) SELECT engine FROM information_schema.tables WHERE table_name = 'auth_group'; args=['auth_group']
CREATE TABLE `auth_group_permissions` (`id` integer AUTO_INCREMENT NOT NULL PRIMARY KEY, `group_id` integer NOT NULL, `permission_id` integer NOT NULL); (params None)
(0.015) CREATE TABLE `auth_group_permissions` (`id` integer AUTO_INCREMENT NOT NULL PRIMARY KEY, `group_id` integer NOT NULL, `permission_id` integer NOT NULL); args=None
(0.000) SELECT engine FROM information_schema.tables WHERE table_name = 'auth_group_permissions'; args=['auth_group_permissions']
(0.000) SELECT engine FROM information_schema.tables WHERE table_name = 'auth_group_permissions'; args=['auth_group_permissions']
(0.000) SELECT engine FROM information_schema.tables WHERE table_name = 'auth_group_permissions'; args=['auth_group_permissions']
CREATE TABLE `auth_user` (`id` integer AUTO_INCREMENT NOT NULL PRIMARY KEY, `password` varchar(128) NOT NULL, `last_login` datetime(6) NOT NULL, `is_superuser` bool NOT NULL, `username` varchar(30) NOT NULL UNIQUE, `first_name` varchar(30) NOT NULL, `last_name` varchar(30) NOT NULL, `email` varchar(75) NOT NULL, `is_staff` bool NOT NULL, `is_active` bool NOT NULL, `date_joined` datetime(6) NOT NULL); (params None)
(0.020) CREATE TABLE `auth_user` (`id` integer AUTO_INCREMENT NOT NULL PRIMARY KEY, `password` varchar(128) NOT NULL, `last_login` datetime(6) NOT NULL, `is_superuser` bool NOT NULL, `username` varchar(30) NOT NULL UNIQUE, `first_name` varchar(30) NOT NULL, `last_name` varchar(30) NOT NULL, `email` varchar(75) NOT NULL, `is_staff` bool NOT NULL, `is_active` bool NOT NULL, `date_joined` datetime(6) NOT NULL); args=None
(0.000) SELECT engine FROM information_schema.tables WHERE table_name = 'auth_user'; args=['auth_user']
(0.000) SELECT engine FROM information_schema.tables WHERE table_name = 'auth_user'; args=['auth_user']
(0.000) SELECT engine FROM information_schema.tables WHERE table_name = 'auth_user'; args=['auth_user']
(0.000) SELECT engine FROM information_schema.tables WHERE table_name = 'auth_user'; args=['auth_user']
(0.000) SELECT engine FROM information_schema.tables WHERE table_name = 'auth_user'; args=['auth_user']
(0.000) SELECT engine FROM information_schema.tables WHERE table_name = 'auth_user'; args=['auth_user']
(0.000) SELECT engine FROM information_schema.tables WHERE table_name = 'auth_user'; args=['auth_user']
(0.000) SELECT engine FROM information_schema.tables WHERE table_name = 'auth_user'; args=['auth_user']
(0.000) SELECT engine FROM information_schema.tables WHERE table_name = 'auth_user'; args=['auth_user']
(0.000) SELECT engine FROM information_schema.tables WHERE table_name = 'auth_user'; args=['auth_user']
(0.000) SELECT engine FROM information_schema.tables WHERE table_name = 'auth_user'; args=['auth_user']
CREATE TABLE `auth_user_groups` (`id` integer AUTO_INCREMENT NOT NULL PRIMARY KEY, `user_id` integer NOT NULL, `group_id` integer NOT NULL); (params None)
(0.016) CREATE TABLE `auth_user_groups` (`id` integer AUTO_INCREMENT NOT NULL PRIMARY KEY, `user_id` integer NOT NULL, `group_id` integer NOT NULL); args=None
(0.000) SELECT engine FROM information_schema.tables WHERE table_name = 'auth_user_groups'; args=['auth_user_groups']
(0.000) SELECT engine FROM information_schema.tables WHERE table_name = 'auth_user_groups'; args=['auth_user_groups']
(0.000) SELECT engine FROM information_schema.tables WHERE table_name = 'auth_user_groups'; args=['auth_user_groups']
CREATE TABLE `auth_user_user_permissions` (`id` integer AUTO_INCREMENT NOT NULL PRIMARY KEY, `user_id` integer NOT NULL, `permission_id` integer NOT NULL); (params None)
(0.014) CREATE TABLE `auth_user_user_permissions` (`id` integer AUTO_INCREMENT NOT NULL PRIMARY KEY, `user_id` integer NOT NULL, `permission_id` integer NOT NULL); args=None
(0.000) SELECT engine FROM information_schema.tables WHERE table_name = 'auth_user_user_permissions'; args=['auth_user_user_permissions']
(0.000) SELECT engine FROM information_schema.tables WHERE table_name = 'auth_user_user_permissions'; args=['auth_user_user_permissions']
(0.000) SELECT engine FROM information_schema.tables WHERE table_name = 'auth_user_user_permissions'; args=['auth_user_user_permissions']
ALTER TABLE `auth_permission` ADD CONSTRAINT `auth_permission_content_type_id_2f476e4b_fk_django_co` FOREIGN KEY (`content_type_id`) REFERENCES `django_content_type` (`id`); (params ())
(0.034) ALTER TABLE `auth_permission` ADD CONSTRAINT `auth_permission_content_type_id_2f476e4b_fk_django_co` FOREIGN KEY (`content_type_id`) REFERENCES `django_content_type` (`id`); args=()
ALTER TABLE `auth_permission` ADD CONSTRAINT auth_permission_content_type_id_codename_01ab375a_uniq UNIQUE (`content_type_id`, `codename`); (params ())
(0.014) ALTER TABLE `auth_permission` ADD CONSTRAINT auth_permission_content_type_id_codename_01ab375a_uniq UNIQUE (`content_type_id`, `codename`); args=()
ALTER TABLE `auth_group_permissions` ADD CONSTRAINT `auth_group_permissions_group_id_b120cbf9_fk_auth_group_id` FOREIGN KEY (`group_id`) REFERENCES `auth_group` (`id`); (params ())
(0.034) ALTER TABLE `auth_group_permissions` ADD CONSTRAINT `auth_group_permissions_group_id_b120cbf9_fk_auth_group_id` FOREIGN KEY (`group_id`) REFERENCES `auth_group` (`id`); args=()
ALTER TABLE `auth_group_permissions` ADD CONSTRAINT `auth_group_permissio_permission_id_84c5c92e_fk_auth_perm` FOREIGN KEY (`permission_id`) REFERENCES `auth_permission` (`id`); (params ())
(0.036) ALTER TABLE `auth_group_permissions` ADD CONSTRAINT `auth_group_permissio_permission_id_84c5c92e_fk_auth_perm` FOREIGN KEY (`permission_id`) REFERENCES `auth_permission` (`id`); args=()
ALTER TABLE `auth_group_permissions` ADD CONSTRAINT auth_group_permissions_group_id_permission_id_0cd325b0_uniq UNIQUE (`group_id`, `permission_id`); (params ())
(0.015) ALTER TABLE `auth_group_permissions` ADD CONSTRAINT auth_group_permissions_group_id_permission_id_0cd325b0_uniq UNIQUE (`group_id`, `permission_id`); args=()
ALTER TABLE `auth_user_groups` ADD CONSTRAINT `auth_user_groups_user_id_6a12ed8b_fk_auth_user_id` FOREIGN KEY (`user_id`) REFERENCES `auth_user` (`id`); (params ())
(0.035) ALTER TABLE `auth_user_groups` ADD CONSTRAINT `auth_user_groups_user_id_6a12ed8b_fk_auth_user_id` FOREIGN KEY (`user_id`) REFERENCES `auth_user` (`id`); args=()
ALTER TABLE `auth_user_groups` ADD CONSTRAINT `auth_user_groups_group_id_97559544_fk_auth_group_id` FOREIGN KEY (`group_id`) REFERENCES `auth_group` (`id`); (params ())
(0.041) ALTER TABLE `auth_user_groups` ADD CONSTRAINT `auth_user_groups_group_id_97559544_fk_auth_group_id` FOREIGN KEY (`group_id`) REFERENCES `auth_group` (`id`); args=()
ALTER TABLE `auth_user_groups` ADD CONSTRAINT auth_user_groups_user_id_group_id_94350c0c_uniq UNIQUE (`user_id`, `group_id`); (params ())
(0.016) ALTER TABLE `auth_user_groups` ADD CONSTRAINT auth_user_groups_user_id_group_id_94350c0c_uniq UNIQUE (`user_id`, `group_id`); args=()
ALTER TABLE `auth_user_user_permissions` ADD CONSTRAINT `auth_user_user_permissions_user_id_a95ead1b_fk_auth_user_id` FOREIGN KEY (`user_id`) REFERENCES `auth_user` (`id`); (params ())
(0.036) ALTER TABLE `auth_user_user_permissions` ADD CONSTRAINT `auth_user_user_permissions_user_id_a95ead1b_fk_auth_user_id` FOREIGN KEY (`user_id`) REFERENCES `auth_user` (`id`); args=()
ALTER TABLE `auth_user_user_permissions` ADD CONSTRAINT `auth_user_user_permi_permission_id_1fbb5f2c_fk_auth_perm` FOREIGN KEY (`permission_id`) REFERENCES `auth_permission` (`id`); (params ())
(0.040) ALTER TABLE `auth_user_user_permissions` ADD CONSTRAINT `auth_user_user_permi_permission_id_1fbb5f2c_fk_auth_perm` FOREIGN KEY (`permission_id`) REFERENCES `auth_permission` (`id`); args=()
ALTER TABLE `auth_user_user_permissions` ADD CONSTRAINT auth_user_user_permissions_user_id_permission_id_14a6b632_uniq UNIQUE (`user_id`, `permission_id`); (params ())
(0.016) ALTER TABLE `auth_user_user_permissions` ADD CONSTRAINT auth_user_user_permissions_user_id_permission_id_14a6b632_uniq UNIQUE (`user_id`, `permission_id`); args=()
(0.000) SHOW FULL TABLES; args=None
(0.000) INSERT INTO `django_migrations` (`app`, `name`, `applied`) VALUES ('auth', '0001_initial', '2019-05-03 20:00:24.919036'); args=['auth', '0001_initial', '2019-05-03 20:00:24.919036']
CREATE TABLE `django_admin_log` (`id` integer AUTO_INCREMENT NOT NULL PRIMARY KEY, `action_time` datetime(6) NOT NULL, `object_id` longtext NULL, `object_repr` varchar(200) NOT NULL, `action_flag` smallint UNSIGNED NOT NULL, `change_message` longtext NOT NULL, `content_type_id` integer NULL, `user_id` integer NOT NULL); (params None)
(0.017) CREATE TABLE `django_admin_log` (`id` integer AUTO_INCREMENT NOT NULL PRIMARY KEY, `action_time` datetime(6) NOT NULL, `object_id` longtext NULL, `object_repr` varchar(200) NOT NULL, `action_flag` smallint UNSIGNED NOT NULL, `change_message` longtext NOT NULL, `content_type_id` integer NULL, `user_id` integer NOT NULL); args=None
(0.000) SELECT engine FROM information_schema.tables WHERE table_name = 'django_admin_log'; args=['django_admin_log']
(0.000) SELECT engine FROM information_schema.tables WHERE table_name = 'django_admin_log'; args=['django_admin_log']
(0.000) SELECT engine FROM information_schema.tables WHERE table_name = 'django_admin_log'; args=['django_admin_log']
(0.000) SELECT engine FROM information_schema.tables WHERE table_name = 'django_admin_log'; args=['django_admin_log']
(0.000) SELECT engine FROM information_schema.tables WHERE table_name = 'django_admin_log'; args=['django_admin_log']
(0.000) SELECT engine FROM information_schema.tables WHERE table_name = 'django_admin_log'; args=['django_admin_log']
(0.000) SELECT engine FROM information_schema.tables WHERE table_name = 'django_admin_log'; args=['django_admin_log']
(0.000) SELECT engine FROM information_schema.tables WHERE table_name = 'django_admin_log'; args=['django_admin_log']
ALTER TABLE `django_admin_log` ADD CONSTRAINT `django_admin_log_content_type_id_c4bce8eb_fk_django_co` FOREIGN KEY (`content_type_id`) REFERENCES `django_content_type` (`id`); (params ())
(0.038) ALTER TABLE `django_admin_log` ADD CONSTRAINT `django_admin_log_content_type_id_c4bce8eb_fk_django_co` FOREIGN KEY (`content_type_id`) REFERENCES `django_content_type` (`id`); args=()
ALTER TABLE `django_admin_log` ADD CONSTRAINT `django_admin_log_user_id_c564eba6_fk_auth_user_id` FOREIGN KEY (`user_id`) REFERENCES `auth_user` (`id`); (params ())
(0.044) ALTER TABLE `django_admin_log` ADD CONSTRAINT `django_admin_log_user_id_c564eba6_fk_auth_user_id` FOREIGN KEY (`user_id`) REFERENCES `auth_user` (`id`); args=()
(0.000) SHOW FULL TABLES; args=None
(0.000) INSERT INTO `django_migrations` (`app`, `name`, `applied`) VALUES ('admin', '0001_initial', '2019-05-03 20:00:25.033569'); args=['admin', '0001_initial', '2019-05-03 20:00:25.033569']
(0.000) SHOW FULL TABLES; args=None
(0.000) INSERT INTO `django_migrations` (`app`, `name`, `applied`) VALUES ('admin', '0002_logentry_remove_auto_add', '2019-05-03 20:00:25.045019'); args=['admin', '0002_logentry_remove_auto_add', '2019-05-03 20:00:25.045019']
ALTER TABLE `django_content_type` MODIFY `name` varchar(100) NULL; (params [])
(0.028) ALTER TABLE `django_content_type` MODIFY `name` varchar(100) NULL; args=[]
ALTER TABLE `django_content_type` DROP COLUMN `name`; (params ())
(0.027) ALTER TABLE `django_content_type` DROP COLUMN `name`; args=()
(0.000) SHOW FULL TABLES; args=None
(0.000) INSERT INTO `django_migrations` (`app`, `name`, `applied`) VALUES ('contenttypes', '0002_remove_content_type_name', '2019-05-03 20:00:25.119044'); args=['contenttypes', '0002_remove_content_type_name', '2019-05-03 20:00:25.119044']
ALTER TABLE `auth_permission` MODIFY `name` varchar(255) NOT NULL; (params [])
(0.005) ALTER TABLE `auth_permission` MODIFY `name` varchar(255) NOT NULL; args=[]
(0.000) SHOW FULL TABLES; args=None
(0.000) INSERT INTO `django_migrations` (`app`, `name`, `applied`) VALUES ('auth', '0002_alter_permission_name_max_length', '2019-05-03 20:00:25.131319'); args=['auth', '0002_alter_permission_name_max_length', '2019-05-03 20:00:25.131319']
ALTER TABLE `auth_user` MODIFY `email` varchar(254) NOT NULL; (params [])
(0.005) ALTER TABLE `auth_user` MODIFY `email` varchar(254) NOT NULL; args=[]
(0.000) SHOW FULL TABLES; args=None
(0.000) INSERT INTO `django_migrations` (`app`, `name`, `applied`) VALUES ('auth', '0003_alter_user_email_max_length', '2019-05-03 20:00:25.146759'); args=['auth', '0003_alter_user_email_max_length', '2019-05-03 20:00:25.146759']
(0.000) SHOW FULL TABLES; args=None
(0.000) INSERT INTO `django_migrations` (`app`, `name`, `applied`) VALUES ('auth', '0004_alter_user_username_opts', '2019-05-03 20:00:25.156667'); args=['auth', '0004_alter_user_username_opts', '2019-05-03 20:00:25.156667']
ALTER TABLE `auth_user` MODIFY `last_login` datetime(6) NULL; (params [])
(0.028) ALTER TABLE `auth_user` MODIFY `last_login` datetime(6) NULL; args=[]
(0.000) SHOW FULL TABLES; args=None
(0.000) INSERT INTO `django_migrations` (`app`, `name`, `applied`) VALUES ('auth', '0005_alter_user_last_login_null', '2019-05-03 20:00:25.194685'); args=['auth', '0005_alter_user_last_login_null', '2019-05-03 20:00:25.194685']
(0.000) SHOW FULL TABLES; args=None
(0.000) INSERT INTO `django_migrations` (`app`, `name`, `applied`) VALUES ('auth', '0006_require_contenttypes_0002', '2019-05-03 20:00:25.198369'); args=['auth', '0006_require_contenttypes_0002', '2019-05-03 20:00:25.198369']
(0.000) SHOW FULL TABLES; args=None
(0.000) INSERT INTO `django_migrations` (`app`, `name`, `applied`) VALUES ('auth', '0007_alter_validators_add_error_messages', '2019-05-03 20:00:25.209697'); args=['auth', '0007_alter_validators_add_error_messages', '2019-05-03 20:00:25.209697']
(0.000) 
            SELECT kc.`constraint_name`, kc.`column_name`,
                kc.`referenced_table_name`, kc.`referenced_column_name`
            FROM information_schema.key_column_usage AS kc
            WHERE
                kc.table_schema = DATABASE() AND
                kc.table_name = 'django_admin_log'
        ; args=['django_admin_log']
(0.000) 
            SELECT c.constraint_name, c.constraint_type
            FROM information_schema.table_constraints AS c
            WHERE
                c.table_schema = DATABASE() AND
                c.table_name = 'django_admin_log'
        ; args=['django_admin_log']
(0.000) SHOW INDEX FROM `django_admin_log`; args=None
ALTER TABLE `django_admin_log` DROP FOREIGN KEY `django_admin_log_user_id_c564eba6_fk_auth_user_id`; (params ())
(0.005) ALTER TABLE `django_admin_log` DROP FOREIGN KEY `django_admin_log_user_id_c564eba6_fk_auth_user_id`; args=()
ALTER TABLE `auth_user` MODIFY `username` varchar(150) NOT NULL; (params [])
(0.006) ALTER TABLE `auth_user` MODIFY `username` varchar(150) NOT NULL; args=[]
ALTER TABLE `django_admin_log` ADD CONSTRAINT `django_admin_log_user_id_c564eba6_fk` FOREIGN KEY (`user_id`) REFERENCES `auth_user` (`id`); (params ())
(0.041) ALTER TABLE `django_admin_log` ADD CONSTRAINT `django_admin_log_user_id_c564eba6_fk` FOREIGN KEY (`user_id`) REFERENCES `auth_user` (`id`); args=()
(0.000) SHOW FULL TABLES; args=None
(0.000) INSERT INTO `django_migrations` (`app`, `name`, `applied`) VALUES ('auth', '0008_alter_user_username_max_length', '2019-05-03 20:00:25.273616'); args=['auth', '0008_alter_user_username_max_length', '2019-05-03 20:00:25.273616']
ALTER TABLE `auth_user` MODIFY `last_name` varchar(150) NOT NULL; (params [])
(0.006) ALTER TABLE `auth_user` MODIFY `last_name` varchar(150) NOT NULL; args=[]
(0.000) SHOW FULL TABLES; args=None
(0.000) INSERT INTO `django_migrations` (`app`, `name`, `applied`) VALUES ('auth', '0009_alter_user_last_name_max_length', '2019-05-03 20:00:25.289506'); args=['auth', '0009_alter_user_last_name_max_length', '2019-05-03 20:00:25.289506']
CREATE TABLE `locations_client` (`id` integer AUTO_INCREMENT NOT NULL PRIMARY KEY, `name` varchar(100) NOT NULL, `logo` varchar(100) NULL, `slug` varchar(100) NOT NULL UNIQUE); (params None)
(0.112) CREATE TABLE `locations_client` (`id` integer AUTO_INCREMENT NOT NULL PRIMARY KEY, `name` varchar(100) NOT NULL, `logo` varchar(100) NULL, `slug` varchar(100) NOT NULL UNIQUE); args=None
(0.000) SELECT engine FROM information_schema.tables WHERE table_name = 'locations_client'; args=['locations_client']
(0.000) SELECT engine FROM information_schema.tables WHERE table_name = 'locations_client'; args=['locations_client']
(0.000) SELECT engine FROM information_schema.tables WHERE table_name = 'locations_client'; args=['locations_client']
(0.000) SELECT engine FROM information_schema.tables WHERE table_name = 'locations_client'; args=['locations_client']
CREATE TABLE `locations_dealer` (`id` integer AUTO_INCREMENT NOT NULL PRIMARY KEY, `name` varchar(100) NOT NULL); (params None)
(0.021) CREATE TABLE `locations_dealer` (`id` integer AUTO_INCREMENT NOT NULL PRIMARY KEY, `name` varchar(100) NOT NULL); args=None
(0.000) SELECT engine FROM information_schema.tables WHERE table_name = 'locations_dealer'; args=['locations_dealer']
(0.000) SELECT engine FROM information_schema.tables WHERE table_name = 'locations_dealer'; args=['locations_dealer']
CREATE TABLE `locations_historicalkwinfo` (`id` integer AUTO_INCREMENT NOT NULL PRIMARY KEY, `history` longtext NOT NULL); (params None)
(0.017) CREATE TABLE `locations_historicalkwinfo` (`id` integer AUTO_INCREMENT NOT NULL PRIMARY KEY, `history` longtext NOT NULL); args=None
(0.000) SELECT engine FROM information_schema.tables WHERE table_name = 'locations_historicalkwinfo'; args=['locations_historicalkwinfo']
(0.000) SELECT engine FROM information_schema.tables WHERE table_name = 'locations_historicalkwinfo'; args=['locations_historicalkwinfo']
CREATE TABLE `locations_location` (`id` integer AUTO_INCREMENT NOT NULL PRIMARY KEY, `name` varchar(100) NOT NULL, `installation_date` date NOT NULL, `city` varchar(100) NULL, `state` varchar(100) NULL, `zip_code` varchar(100) NULL, `address` varchar(100) NULL, `notification_emails` longtext NOT NULL, `key` varchar(40) NOT NULL, `secret_key` varchar(20) NOT NULL, `has_unity` bool NOT NULL, `report_type` varchar(20) NOT NULL, `client_version` integer NOT NULL, `is_online` bool NOT NULL, `notify_when_offline` bool NOT NULL, `tunnel_offset` integer NOT NULL, `client_id` integer NOT NULL); (params None)
(0.018) CREATE TABLE `locations_location` (`id` integer AUTO_INCREMENT NOT NULL PRIMARY KEY, `name` varchar(100) NOT NULL, `installation_date` date NOT NULL, `city` varchar(100) NULL, `state` varchar(100) NULL, `zip_code` varchar(100) NULL, `address` varchar(100) NULL, `notification_emails` longtext NOT NULL, `key` varchar(40) NOT NULL, `secret_key` varchar(20) NOT NULL, `has_unity` bool NOT NULL, `report_type` varchar(20) NOT NULL, `client_version` integer NOT NULL, `is_online` bool NOT NULL, `notify_when_offline` bool NOT NULL, `tunnel_offset` integer NOT NULL, `client_id` integer NOT NULL); args=None
(0.000) SELECT engine FROM information_schema.tables WHERE table_name = 'locations_location'; args=['locations_location']
(0.000) SELECT engine FROM information_schema.tables WHERE table_name = 'locations_location'; args=['locations_location']
(0.000) SELECT engine FROM information_schema.tables WHERE table_name = 'locations_location'; args=['locations_location']
(0.000) SELECT engine FROM information_schema.tables WHERE table_name = 'locations_location'; args=['locations_location']
(0.000) SELECT engine FROM information_schema.tables WHERE table_name = 'locations_location'; args=['locations_location']
(0.000) SELECT engine FROM information_schema.tables WHERE table_name = 'locations_location'; args=['locations_location']
(0.000) SELECT engine FROM information_schema.tables WHERE table_name = 'locations_location'; args=['locations_location']
(0.000) SELECT engine FROM information_schema.tables WHERE table_name = 'locations_location'; args=['locations_location']
(0.000) SELECT engine FROM information_schema.tables WHERE table_name = 'locations_location'; args=['locations_location']
(0.000) SELECT engine FROM information_schema.tables WHERE table_name = 'locations_location'; args=['locations_location']
(0.000) SELECT engine FROM information_schema.tables WHERE table_name = 'locations_location'; args=['locations_location']
(0.000) SELECT engine FROM information_schema.tables WHERE table_name = 'locations_location'; args=['locations_location']
(0.000) SELECT engine FROM information_schema.tables WHERE table_name = 'locations_location'; args=['locations_location']
(0.000) SELECT engine FROM information_schema.tables WHERE table_name = 'locations_location'; args=['locations_location']
(0.000) SELECT engine FROM information_schema.tables WHERE table_name = 'locations_location'; args=['locations_location']
(0.000) SELECT engine FROM information_schema.tables WHERE table_name = 'locations_location'; args=['locations_location']
(0.000) SELECT engine FROM information_schema.tables WHERE table_name = 'locations_location'; args=['locations_location']
CREATE TABLE `locations_userprofile` (`id` integer AUTO_INCREMENT NOT NULL PRIMARY KEY, `remote_username` varchar(40) NULL, `is_admin` bool NOT NULL, `client_id` integer NULL, `dealer_id` integer NULL, `user_id` integer NOT NULL UNIQUE); (params None)
(0.020) CREATE TABLE `locations_userprofile` (`id` integer AUTO_INCREMENT NOT NULL PRIMARY KEY, `remote_username` varchar(40) NULL, `is_admin` bool NOT NULL, `client_id` integer NULL, `dealer_id` integer NULL, `user_id` integer NOT NULL UNIQUE); args=None
(0.000) SELECT engine FROM information_schema.tables WHERE table_name = 'locations_userprofile'; args=['locations_userprofile']
(0.000) SELECT engine FROM information_schema.tables WHERE table_name = 'locations_userprofile'; args=['locations_userprofile']
(0.000) SELECT engine FROM information_schema.tables WHERE table_name = 'locations_userprofile'; args=['locations_userprofile']
(0.000) SELECT engine FROM information_schema.tables WHERE table_name = 'locations_userprofile'; args=['locations_userprofile']
(0.000) SELECT engine FROM information_schema.tables WHERE table_name = 'locations_userprofile'; args=['locations_userprofile']
(0.000) SELECT engine FROM information_schema.tables WHERE table_name = 'locations_userprofile'; args=['locations_userprofile']
CREATE TABLE `locations_userprofile_locations` (`id` integer AUTO_INCREMENT NOT NULL PRIMARY KEY, `userprofile_id` integer NOT NULL, `location_id` integer NOT NULL); (params None)
(0.021) CREATE TABLE `locations_userprofile_locations` (`id` integer AUTO_INCREMENT NOT NULL PRIMARY KEY, `userprofile_id` integer NOT NULL, `location_id` integer NOT NULL); args=None
(0.000) SELECT engine FROM information_schema.tables WHERE table_name = 'locations_userprofile_locations'; args=['locations_userprofile_locations']
(0.000) SELECT engine FROM information_schema.tables WHERE table_name = 'locations_userprofile_locations'; args=['locations_userprofile_locations']
(0.000) SELECT engine FROM information_schema.tables WHERE table_name = 'locations_userprofile_locations'; args=['locations_userprofile_locations']
ALTER TABLE `locations_historicalkwinfo` ADD COLUMN `location_id` integer NOT NULL; (params [])
(0.237) ALTER TABLE `locations_historicalkwinfo` ADD COLUMN `location_id` integer NOT NULL; args=[]
(0.000) SELECT engine FROM information_schema.tables WHERE table_name = 'locations_historicalkwinfo'; args=['locations_historicalkwinfo']
ALTER TABLE `locations_client` ADD COLUMN `dealer_id` integer NULL; (params [])
(0.028) ALTER TABLE `locations_client` ADD COLUMN `dealer_id` integer NULL; args=[]
(0.000) SELECT engine FROM information_schema.tables WHERE table_name = 'locations_client'; args=['locations_client']
ALTER TABLE `locations_location` ADD CONSTRAINT `locations_location_client_id_9ef12b33_fk_locations_client_id` FOREIGN KEY (`client_id`) REFERENCES `locations_client` (`id`); (params ())
(0.036) ALTER TABLE `locations_location` ADD CONSTRAINT `locations_location_client_id_9ef12b33_fk_locations_client_id` FOREIGN KEY (`client_id`) REFERENCES `locations_client` (`id`); args=()
ALTER TABLE `locations_userprofile` ADD CONSTRAINT `locations_userprofile_client_id_9ac5489a_fk_locations_client_id` FOREIGN KEY (`client_id`) REFERENCES `locations_client` (`id`); (params ())
(0.044) ALTER TABLE `locations_userprofile` ADD CONSTRAINT `locations_userprofile_client_id_9ac5489a_fk_locations_client_id` FOREIGN KEY (`client_id`) REFERENCES `locations_client` (`id`); args=()
ALTER TABLE `locations_userprofile` ADD CONSTRAINT `locations_userprofile_dealer_id_378ec54e_fk_locations_dealer_id` FOREIGN KEY (`dealer_id`) REFERENCES `locations_dealer` (`id`); (params ())
(0.057) ALTER TABLE `locations_userprofile` ADD CONSTRAINT `locations_userprofile_dealer_id_378ec54e_fk_locations_dealer_id` FOREIGN KEY (`dealer_id`) REFERENCES `locations_dealer` (`id`); args=()
ALTER TABLE `locations_userprofile` ADD CONSTRAINT `locations_userprofile_user_id_80363924_fk_auth_user_id` FOREIGN KEY (`user_id`) REFERENCES `auth_user` (`id`); (params ())
(0.047) ALTER TABLE `locations_userprofile` ADD CONSTRAINT `locations_userprofile_user_id_80363924_fk_auth_user_id` FOREIGN KEY (`user_id`) REFERENCES `auth_user` (`id`); args=()
ALTER TABLE `locations_userprofile_locations` ADD CONSTRAINT `locations_userprofil_userprofile_id_1cecac78_fk_locations` FOREIGN KEY (`userprofile_id`) REFERENCES `locations_userprofile` (`id`); (params ())
(0.040) ALTER TABLE `locations_userprofile_locations` ADD CONSTRAINT `locations_userprofil_userprofile_id_1cecac78_fk_locations` FOREIGN KEY (`userprofile_id`) REFERENCES `locations_userprofile` (`id`); args=()
ALTER TABLE `locations_userprofile_locations` ADD CONSTRAINT `locations_userprofil_location_id_371f4d70_fk_locations` FOREIGN KEY (`location_id`) REFERENCES `locations_location` (`id`); (params ())
(0.042) ALTER TABLE `locations_userprofile_locations` ADD CONSTRAINT `locations_userprofil_location_id_371f4d70_fk_locations` FOREIGN KEY (`location_id`) REFERENCES `locations_location` (`id`); args=()
ALTER TABLE `locations_userprofile_locations` ADD CONSTRAINT locations_userprofile_lo_userprofile_id_location__38db8b9d_uniq UNIQUE (`userprofile_id`, `location_id`); (params ())
(0.017) ALTER TABLE `locations_userprofile_locations` ADD CONSTRAINT locations_userprofile_lo_userprofile_id_location__38db8b9d_uniq UNIQUE (`userprofile_id`, `location_id`); args=()
ALTER TABLE `locations_historicalkwinfo` ADD CONSTRAINT `locations_historical_location_id_7d39f6b8_fk_locations` FOREIGN KEY (`location_id`) REFERENCES `locations_location` (`id`); (params ())
(0.047) ALTER TABLE `locations_historicalkwinfo` ADD CONSTRAINT `locations_historical_location_id_7d39f6b8_fk_locations` FOREIGN KEY (`location_id`) REFERENCES `locations_location` (`id`); args=()
ALTER TABLE `locations_client` ADD CONSTRAINT `locations_client_dealer_id_ec3974cd_fk_locations_dealer_id` FOREIGN KEY (`dealer_id`) REFERENCES `locations_dealer` (`id`); (params ())
(0.041) ALTER TABLE `locations_client` ADD CONSTRAINT `locations_client_dealer_id_ec3974cd_fk_locations_dealer_id` FOREIGN KEY (`dealer_id`) REFERENCES `locations_dealer` (`id`); args=()
(0.000) SHOW FULL TABLES; args=None
(0.000) INSERT INTO `django_migrations` (`app`, `name`, `applied`) VALUES ('locations', '0001_initial', '2019-05-03 20:00:26.198844'); args=['locations', '0001_initial', '2019-05-03 20:00:26.198844']
CREATE TABLE `locations_device` (`id` integer AUTO_INCREMENT NOT NULL PRIMARY KEY, `name` varchar(100) NOT NULL, `type` varchar(100) NOT NULL, `brand` varchar(100) NOT NULL, `model` varchar(100) NOT NULL, `serial` varchar(100) NOT NULL); (params None)
(0.019) CREATE TABLE `locations_device` (`id` integer AUTO_INCREMENT NOT NULL PRIMARY KEY, `name` varchar(100) NOT NULL, `type` varchar(100) NOT NULL, `brand` varchar(100) NOT NULL, `model` varchar(100) NOT NULL, `serial` varchar(100) NOT NULL); args=None
(0.001) SELECT engine FROM information_schema.tables WHERE table_name = 'locations_device'; args=['locations_device']
(0.000) SELECT engine FROM information_schema.tables WHERE table_name = 'locations_device'; args=['locations_device']
(0.000) SELECT engine FROM information_schema.tables WHERE table_name = 'locations_device'; args=['locations_device']
(0.000) SELECT engine FROM information_schema.tables WHERE table_name = 'locations_device'; args=['locations_device']
(0.000) SELECT engine FROM information_schema.tables WHERE table_name = 'locations_device'; args=['locations_device']
(0.000) SELECT engine FROM information_schema.tables WHERE table_name = 'locations_device'; args=['locations_device']
(0.000) SHOW FULL TABLES; args=None
(0.000) INSERT INTO `django_migrations` (`app`, `name`, `applied`) VALUES ('locations', '0002_device', '2019-05-03 20:00:26.227212'); args=['locations', '0002_device', '2019-05-03 20:00:26.227212']
CREATE TABLE `locations_location_devices` (`id` integer AUTO_INCREMENT NOT NULL PRIMARY KEY, `location_id` integer NOT NULL, `device_id` integer NOT NULL); (params None)
(0.019) CREATE TABLE `locations_location_devices` (`id` integer AUTO_INCREMENT NOT NULL PRIMARY KEY, `location_id` integer NOT NULL, `device_id` integer NOT NULL); args=None
(0.000) SELECT engine FROM information_schema.tables WHERE table_name = 'locations_location_devices'; args=['locations_location_devices']
(0.000) SELECT engine FROM information_schema.tables WHERE table_name = 'locations_location_devices'; args=['locations_location_devices']
(0.000) SELECT engine FROM information_schema.tables WHERE table_name = 'locations_location_devices'; args=['locations_location_devices']
ALTER TABLE `locations_location_devices` ADD CONSTRAINT `locations_location_d_location_id_95602478_fk_locations` FOREIGN KEY (`location_id`) REFERENCES `locations_location` (`id`); (params ())
(0.039) ALTER TABLE `locations_location_devices` ADD CONSTRAINT `locations_location_d_location_id_95602478_fk_locations` FOREIGN KEY (`location_id`) REFERENCES `locations_location` (`id`); args=()
ALTER TABLE `locations_location_devices` ADD CONSTRAINT `locations_location_d_device_id_5d6052cb_fk_locations` FOREIGN KEY (`device_id`) REFERENCES `locations_device` (`id`); (params ())
(0.040) ALTER TABLE `locations_location_devices` ADD CONSTRAINT `locations_location_d_device_id_5d6052cb_fk_locations` FOREIGN KEY (`device_id`) REFERENCES `locations_device` (`id`); args=()
ALTER TABLE `locations_location_devices` ADD CONSTRAINT locations_location_devices_location_id_device_id_5188e23c_uniq UNIQUE (`location_id`, `device_id`); (params ())
(0.014) ALTER TABLE `locations_location_devices` ADD CONSTRAINT locations_location_devices_location_id_device_id_5188e23c_uniq UNIQUE (`location_id`, `device_id`); args=()
(0.000) SHOW FULL TABLES; args=None
(0.000) INSERT INTO `django_migrations` (`app`, `name`, `applied`) VALUES ('locations', '0003_auto_20180628_2329', '2019-05-03 20:00:26.358993'); args=['locations', '0003_auto_20180628_2329', '2019-05-03 20:00:26.358993']
(0.000) 
            SELECT kc.`constraint_name`, kc.`column_name`,
                kc.`referenced_table_name`, kc.`referenced_column_name`
            FROM information_schema.key_column_usage AS kc
            WHERE
                kc.table_schema = DATABASE() AND
                kc.table_name = 'locations_location_devices'
        ; args=['locations_location_devices']
(0.000) 
            SELECT c.constraint_name, c.constraint_type
            FROM information_schema.table_constraints AS c
            WHERE
                c.table_schema = DATABASE() AND
                c.table_name = 'locations_location_devices'
        ; args=['locations_location_devices']
(0.000) SHOW INDEX FROM `locations_location_devices`; args=None
ALTER TABLE `locations_location_devices` DROP FOREIGN KEY `locations_location_d_device_id_5d6052cb_fk_locations`; (params ())
(0.005) ALTER TABLE `locations_location_devices` DROP FOREIGN KEY `locations_location_d_device_id_5d6052cb_fk_locations`; args=()
ALTER TABLE `locations_location_devices` ADD CONSTRAINT `locations_location_d_device_id_5d6052cb_fk_locations` FOREIGN KEY (`device_id`) REFERENCES `locations_device` (`id`); (params ())
(0.039) ALTER TABLE `locations_location_devices` ADD CONSTRAINT `locations_location_d_device_id_5d6052cb_fk_locations` FOREIGN KEY (`device_id`) REFERENCES `locations_device` (`id`); args=()
(0.001) 
            SELECT kc.`constraint_name`, kc.`column_name`,
                kc.`referenced_table_name`, kc.`referenced_column_name`
            FROM information_schema.key_column_usage AS kc
            WHERE
                kc.table_schema = DATABASE() AND
                kc.table_name = 'locations_location_devices'
        ; args=['locations_location_devices']
(0.000) 
            SELECT c.constraint_name, c.constraint_type
            FROM information_schema.table_constraints AS c
            WHERE
                c.table_schema = DATABASE() AND
                c.table_name = 'locations_location_devices'
        ; args=['locations_location_devices']
(0.000) SHOW INDEX FROM `locations_location_devices`; args=None
ALTER TABLE `locations_location_devices` DROP FOREIGN KEY `locations_location_d_location_id_95602478_fk_locations`; (params ())
(0.006) ALTER TABLE `locations_location_devices` DROP FOREIGN KEY `locations_location_d_location_id_95602478_fk_locations`; args=()
ALTER TABLE `locations_location_devices` ADD CONSTRAINT `locations_location_d_location_id_95602478_fk_locations` FOREIGN KEY (`location_id`) REFERENCES `locations_location` (`id`); (params ())
(0.040) ALTER TABLE `locations_location_devices` ADD CONSTRAINT `locations_location_d_location_id_95602478_fk_locations` FOREIGN KEY (`location_id`) REFERENCES `locations_location` (`id`); args=()
(0.000) 
            SELECT kc.`constraint_name`, kc.`column_name`,
                kc.`referenced_table_name`, kc.`referenced_column_name`
            FROM information_schema.key_column_usage AS kc
            WHERE
                kc.table_schema = DATABASE() AND
                kc.table_name = 'locations_userprofile_locations'
        ; args=['locations_userprofile_locations']
(0.000) 
            SELECT c.constraint_name, c.constraint_type
            FROM information_schema.table_constraints AS c
            WHERE
                c.table_schema = DATABASE() AND
                c.table_name = 'locations_userprofile_locations'
        ; args=['locations_userprofile_locations']
(0.000) SHOW INDEX FROM `locations_userprofile_locations`; args=None
ALTER TABLE `locations_userprofile_locations` DROP FOREIGN KEY `locations_userprofil_location_id_371f4d70_fk_locations`; (params ())
(0.006) ALTER TABLE `locations_userprofile_locations` DROP FOREIGN KEY `locations_userprofil_location_id_371f4d70_fk_locations`; args=()
ALTER TABLE `locations_userprofile_locations` ADD CONSTRAINT `locations_userprofil_location_id_371f4d70_fk_locations` FOREIGN KEY (`location_id`) REFERENCES `locations_location` (`id`); (params ())
(0.034) ALTER TABLE `locations_userprofile_locations` ADD CONSTRAINT `locations_userprofil_location_id_371f4d70_fk_locations` FOREIGN KEY (`location_id`) REFERENCES `locations_location` (`id`); args=()
(0.000) 
            SELECT kc.`constraint_name`, kc.`column_name`,
                kc.`referenced_table_name`, kc.`referenced_column_name`
            FROM information_schema.key_column_usage AS kc
            WHERE
                kc.table_schema = DATABASE() AND
                kc.table_name = 'locations_userprofile_locations'
        ; args=['locations_userprofile_locations']
(0.000) 
            SELECT c.constraint_name, c.constraint_type
            FROM information_schema.table_constraints AS c
            WHERE
                c.table_schema = DATABASE() AND
                c.table_name = 'locations_userprofile_locations'
        ; args=['locations_userprofile_locations']
(0.000) SHOW INDEX FROM `locations_userprofile_locations`; args=None
ALTER TABLE `locations_userprofile_locations` DROP FOREIGN KEY `locations_userprofil_userprofile_id_1cecac78_fk_locations`; (params ())
(0.005) ALTER TABLE `locations_userprofile_locations` DROP FOREIGN KEY `locations_userprofil_userprofile_id_1cecac78_fk_locations`; args=()
ALTER TABLE `locations_userprofile_locations` ADD CONSTRAINT `locations_userprofil_userprofile_id_1cecac78_fk_locations` FOREIGN KEY (`userprofile_id`) REFERENCES `locations_userprofile` (`id`); (params ())
(0.036) ALTER TABLE `locations_userprofile_locations` ADD CONSTRAINT `locations_userprofil_userprofile_id_1cecac78_fk_locations` FOREIGN KEY (`userprofile_id`) REFERENCES `locations_userprofile` (`id`); args=()
(0.000) SHOW FULL TABLES; args=None
(0.000) INSERT INTO `django_migrations` (`app`, `name`, `applied`) VALUES ('locations', '0004_auto_20180707_2312', '2019-05-03 20:00:26.570274'); args=['locations', '0004_auto_20180707_2312', '2019-05-03 20:00:26.570274']
ALTER TABLE `locations_location` ADD COLUMN `new_proxy` bool DEFAULT %s NOT NULL; (params [False])
(0.028) ALTER TABLE `locations_location` ADD COLUMN `new_proxy` bool DEFAULT 0 NOT NULL; args=[False]
ALTER TABLE `locations_location` ALTER COLUMN `new_proxy` DROP DEFAULT; (params [])
(0.003) ALTER TABLE `locations_location` ALTER COLUMN `new_proxy` DROP DEFAULT; args=[]
(0.000) SELECT engine FROM information_schema.tables WHERE table_name = 'locations_location'; args=['locations_location']
(0.000) SHOW FULL TABLES; args=None
(0.000) INSERT INTO `django_migrations` (`app`, `name`, `applied`) VALUES ('locations', '0005_location_new_proxy', '2019-05-03 20:00:26.613450'); args=['locations', '0005_location_new_proxy', '2019-05-03 20:00:26.613450']
(0.000) SHOW FULL TABLES; args=None
(0.000) INSERT INTO `django_migrations` (`app`, `name`, `applied`) VALUES ('locations', '0006_auto_20181227_2221', '2019-05-03 20:00:26.620977'); args=['locations', '0006_auto_20181227_2221', '2019-05-03 20:00:26.620977']
ALTER TABLE `locations_location` DROP COLUMN `new_proxy`; (params ())
(0.028) ALTER TABLE `locations_location` DROP COLUMN `new_proxy`; args=()
(0.000) SHOW FULL TABLES; args=None
(0.000) INSERT INTO `django_migrations` (`app`, `name`, `applied`) VALUES ('locations', '0007_remove_location_new_proxy', '2019-05-03 20:00:26.658971'); args=['locations', '0007_remove_location_new_proxy', '2019-05-03 20:00:26.658971']
ALTER TABLE `locations_location` ADD COLUMN `new_proxy` bool DEFAULT %s NOT NULL; (params [False])
(0.026) ALTER TABLE `locations_location` ADD COLUMN `new_proxy` bool DEFAULT 0 NOT NULL; args=[False]
ALTER TABLE `locations_location` ALTER COLUMN `new_proxy` DROP DEFAULT; (params [])
(0.003) ALTER TABLE `locations_location` ALTER COLUMN `new_proxy` DROP DEFAULT; args=[]
(0.000) SELECT engine FROM information_schema.tables WHERE table_name = 'locations_location'; args=['locations_location']
(0.000) SHOW FULL TABLES; args=None
(0.000) INSERT INTO `django_migrations` (`app`, `name`, `applied`) VALUES ('locations', '0008_location_new_proxy', '2019-05-03 20:00:26.698589'); args=['locations', '0008_location_new_proxy', '2019-05-03 20:00:26.698589']
ALTER TABLE `locations_location` DROP COLUMN `new_proxy`; (params ())
(0.026) ALTER TABLE `locations_location` DROP COLUMN `new_proxy`; args=()
(0.000) SHOW FULL TABLES; args=None
(0.000) INSERT INTO `django_migrations` (`app`, `name`, `applied`) VALUES ('locations', '0009_remove_location_new_proxy', '2019-05-03 20:00:26.734618'); args=['locations', '0009_remove_location_new_proxy', '2019-05-03 20:00:26.734618']
ALTER TABLE `locations_location` ADD COLUMN `new_proxy` bool DEFAULT %s NOT NULL; (params [False])
(0.030) ALTER TABLE `locations_location` ADD COLUMN `new_proxy` bool DEFAULT 0 NOT NULL; args=[False]
ALTER TABLE `locations_location` ALTER COLUMN `new_proxy` DROP DEFAULT; (params [])
(0.003) ALTER TABLE `locations_location` ALTER COLUMN `new_proxy` DROP DEFAULT; args=[]
(0.000) SELECT engine FROM information_schema.tables WHERE table_name = 'locations_location'; args=['locations_location']
(0.000) SHOW FULL TABLES; args=None
(0.000) INSERT INTO `django_migrations` (`app`, `name`, `applied`) VALUES ('locations', '0010_location_new_proxy', '2019-05-03 20:00:26.778878'); args=['locations', '0010_location_new_proxy', '2019-05-03 20:00:26.778878']
(0.000) SHOW FULL TABLES; args=None
(0.000) INSERT INTO `django_migrations` (`app`, `name`, `applied`) VALUES ('locations', '0011_auto_20181227_2233', '2019-05-03 20:00:26.789476'); args=['locations', '0011_auto_20181227_2233', '2019-05-03 20:00:26.789476']
ALTER TABLE `locations_location` DROP COLUMN `new_proxy`; (params ())
(0.028) ALTER TABLE `locations_location` DROP COLUMN `new_proxy`; args=()
(0.000) SHOW FULL TABLES; args=None
(0.000) INSERT INTO `django_migrations` (`app`, `name`, `applied`) VALUES ('locations', '0012_auto_20181227_2236', '2019-05-03 20:00:26.835582'); args=['locations', '0012_auto_20181227_2236', '2019-05-03 20:00:26.835582']
ALTER TABLE `locations_location` ADD COLUMN `new_proxy` bool DEFAULT %s NOT NULL; (params [False])
(0.028) ALTER TABLE `locations_location` ADD COLUMN `new_proxy` bool DEFAULT 0 NOT NULL; args=[False]
ALTER TABLE `locations_location` ALTER COLUMN `new_proxy` DROP DEFAULT; (params [])
(0.003) ALTER TABLE `locations_location` ALTER COLUMN `new_proxy` DROP DEFAULT; args=[]
(0.000) SELECT engine FROM information_schema.tables WHERE table_name = 'locations_location'; args=['locations_location']
(0.000) SHOW FULL TABLES; args=None
(0.000) INSERT INTO `django_migrations` (`app`, `name`, `applied`) VALUES ('locations', '0013_location_new_proxy', '2019-05-03 20:00:26.877554'); args=['locations', '0013_location_new_proxy', '2019-05-03 20:00:26.877554']
ALTER TABLE `locations_location` DROP COLUMN `new_proxy`; (params ())
(0.027) ALTER TABLE `locations_location` DROP COLUMN `new_proxy`; args=()
(0.000) SHOW FULL TABLES; args=None
(0.000) INSERT INTO `django_migrations` (`app`, `name`, `applied`) VALUES ('locations', '0014_remove_location_new_proxy', '2019-05-03 20:00:26.915179'); args=['locations', '0014_remove_location_new_proxy', '2019-05-03 20:00:26.915179']
ALTER TABLE `locations_location` ADD COLUMN `new_proxy` bool DEFAULT %s NOT NULL; (params [False])
(0.029) ALTER TABLE `locations_location` ADD COLUMN `new_proxy` bool DEFAULT 0 NOT NULL; args=[False]
ALTER TABLE `locations_location` ALTER COLUMN `new_proxy` DROP DEFAULT; (params [])
(0.003) ALTER TABLE `locations_location` ALTER COLUMN `new_proxy` DROP DEFAULT; args=[]
(0.000) SELECT engine FROM information_schema.tables WHERE table_name = 'locations_location'; args=['locations_location']
(0.000) SHOW FULL TABLES; args=None
(0.000) INSERT INTO `django_migrations` (`app`, `name`, `applied`) VALUES ('locations', '0015_location_new_proxy', '2019-05-03 20:00:26.958209'); args=['locations', '0015_location_new_proxy', '2019-05-03 20:00:26.958209']
ALTER TABLE `locations_location` DROP COLUMN `new_proxy`; (params ())
(0.026) ALTER TABLE `locations_location` DROP COLUMN `new_proxy`; args=()
(0.000) SHOW FULL TABLES; args=None
(0.000) INSERT INTO `django_migrations` (`app`, `name`, `applied`) VALUES ('locations', '0016_remove_location_new_proxy', '2019-05-03 20:00:26.994690'); args=['locations', '0016_remove_location_new_proxy', '2019-05-03 20:00:26.994690']
ALTER TABLE `locations_location` ADD COLUMN `new_proxy` bool DEFAULT %s NOT NULL; (params [False])
(0.026) ALTER TABLE `locations_location` ADD COLUMN `new_proxy` bool DEFAULT 0 NOT NULL; args=[False]
ALTER TABLE `locations_location` ALTER COLUMN `new_proxy` DROP DEFAULT; (params [])
(0.003) ALTER TABLE `locations_location` ALTER COLUMN `new_proxy` DROP DEFAULT; args=[]
(0.000) SELECT engine FROM information_schema.tables WHERE table_name = 'locations_location'; args=['locations_location']
(0.000) SHOW FULL TABLES; args=None
(0.000) INSERT INTO `django_migrations` (`app`, `name`, `applied`) VALUES ('locations', '0017_location_new_proxy', '2019-05-03 20:00:27.035112'); args=['locations', '0017_location_new_proxy', '2019-05-03 20:00:27.035112']
ALTER TABLE `locations_userprofile` ADD COLUMN `email` varchar(100) NULL; (params [])
(0.033) ALTER TABLE `locations_userprofile` ADD COLUMN `email` varchar(100) NULL; args=[]
(0.000) SELECT engine FROM information_schema.tables WHERE table_name = 'locations_userprofile'; args=['locations_userprofile']
ALTER TABLE `locations_userprofile` ADD COLUMN `first_name` varchar(100) NULL; (params [])
(0.033) ALTER TABLE `locations_userprofile` ADD COLUMN `first_name` varchar(100) NULL; args=[]
(0.000) SELECT engine FROM information_schema.tables WHERE table_name = 'locations_userprofile'; args=['locations_userprofile']
ALTER TABLE `locations_userprofile` ADD COLUMN `last_name` varchar(100) NULL; (params [])
(0.032) ALTER TABLE `locations_userprofile` ADD COLUMN `last_name` varchar(100) NULL; args=[]
(0.000) SELECT engine FROM information_schema.tables WHERE table_name = 'locations_userprofile'; args=['locations_userprofile']
(0.000) SHOW FULL TABLES; args=None
(0.000) INSERT INTO `django_migrations` (`app`, `name`, `applied`) VALUES ('locations', '0018_auto_20190325_2033', '2019-05-03 20:00:27.175382'); args=['locations', '0018_auto_20190325_2033', '2019-05-03 20:00:27.175382']
ALTER TABLE `locations_userprofile` ADD COLUMN `phone` varchar(100) NULL; (params [])
(0.034) ALTER TABLE `locations_userprofile` ADD COLUMN `phone` varchar(100) NULL; args=[]
(0.000) SELECT engine FROM information_schema.tables WHERE table_name = 'locations_userprofile'; args=['locations_userprofile']
(0.000) SHOW FULL TABLES; args=None
(0.000) INSERT INTO `django_migrations` (`app`, `name`, `applied`) VALUES ('locations', '0019_userprofile_phone', '2019-05-03 20:00:27.226064'); args=['locations', '0019_userprofile_phone', '2019-05-03 20:00:27.226064']
ALTER TABLE `locations_userprofile` ADD COLUMN `company` varchar(100) NULL; (params [])
(0.033) ALTER TABLE `locations_userprofile` ADD COLUMN `company` varchar(100) NULL; args=[]
(0.000) SELECT engine FROM information_schema.tables WHERE table_name = 'locations_userprofile'; args=['locations_userprofile']
(0.000) SHOW FULL TABLES; args=None
(0.000) INSERT INTO `django_migrations` (`app`, `name`, `applied`) VALUES ('locations', '0020_userprofile_company', '2019-05-03 20:00:27.278356'); args=['locations', '0020_userprofile_company', '2019-05-03 20:00:27.278356']
ALTER TABLE `locations_userprofile` ADD COLUMN `role` varchar(100) DEFAULT %s NOT NULL; (params ['read'])
(0.035) ALTER TABLE `locations_userprofile` ADD COLUMN `role` varchar(100) DEFAULT 'read' NOT NULL; args=['read']
ALTER TABLE `locations_userprofile` ALTER COLUMN `role` DROP DEFAULT; (params [])
(0.003) ALTER TABLE `locations_userprofile` ALTER COLUMN `role` DROP DEFAULT; args=[]
(0.000) SELECT engine FROM information_schema.tables WHERE table_name = 'locations_userprofile'; args=['locations_userprofile']
(0.000) SHOW FULL TABLES; args=None
(0.000) INSERT INTO `django_migrations` (`app`, `name`, `applied`) VALUES ('locations', '0021_userprofile_role', '2019-05-03 20:00:27.332731'); args=['locations', '0021_userprofile_role', '2019-05-03 20:00:27.332731']
(0.000) SHOW FULL TABLES; args=None
(0.000) INSERT INTO `django_migrations` (`app`, `name`, `applied`) VALUES ('locations', '0022_auto_20190325_2135', '2019-05-03 20:00:27.348719'); args=['locations', '0022_auto_20190325_2135', '2019-05-03 20:00:27.348719']
ALTER TABLE `locations_userprofile` ADD COLUMN `mobile` bool DEFAULT %s NOT NULL; (params [False])
(0.033) ALTER TABLE `locations_userprofile` ADD COLUMN `mobile` bool DEFAULT 0 NOT NULL; args=[False]
ALTER TABLE `locations_userprofile` ALTER COLUMN `mobile` DROP DEFAULT; (params [])
(0.003) ALTER TABLE `locations_userprofile` ALTER COLUMN `mobile` DROP DEFAULT; args=[]
(0.000) SELECT engine FROM information_schema.tables WHERE table_name = 'locations_userprofile'; args=['locations_userprofile']
(0.000) SHOW FULL TABLES; args=None
(0.000) INSERT INTO `django_migrations` (`app`, `name`, `applied`) VALUES ('locations', '0023_userprofile_mobile', '2019-05-03 20:00:27.401419'); args=['locations', '0023_userprofile_mobile', '2019-05-03 20:00:27.401419']
(0.000) SHOW FULL TABLES; args=None
(0.000) INSERT INTO `django_migrations` (`app`, `name`, `applied`) VALUES ('locations', '0024_auto_20190325_2142', '2019-05-03 20:00:27.418915'); args=['locations', '0024_auto_20190325_2142', '2019-05-03 20:00:27.418915']
ALTER TABLE `locations_userprofile` ADD COLUMN `last_mobile_login` date NOT NULL; (params [])
(0.033) ALTER TABLE `locations_userprofile` ADD COLUMN `last_mobile_login` date NOT NULL; args=[]
(0.000) SELECT engine FROM information_schema.tables WHERE table_name = 'locations_userprofile'; args=['locations_userprofile']
ALTER TABLE `locations_userprofile` ADD COLUMN `new_email_update` date NOT NULL; (params [])
(0.033) ALTER TABLE `locations_userprofile` ADD COLUMN `new_email_update` date NOT NULL; args=[]
(0.000) SELECT engine FROM information_schema.tables WHERE table_name = 'locations_userprofile'; args=['locations_userprofile']
(0.000) SHOW FULL TABLES; args=None
(0.000) INSERT INTO `django_migrations` (`app`, `name`, `applied`) VALUES ('locations', '0025_auto_20190404_2200', '2019-05-03 20:00:27.513083'); args=['locations', '0025_auto_20190404_2200', '2019-05-03 20:00:27.513083']
ALTER TABLE `locations_userprofile` MODIFY `last_mobile_login` date NULL; (params [])
(0.034) ALTER TABLE `locations_userprofile` MODIFY `last_mobile_login` date NULL; args=[]
ALTER TABLE `locations_userprofile` MODIFY `new_email_update` date NULL; (params [])
(0.033) ALTER TABLE `locations_userprofile` MODIFY `new_email_update` date NULL; args=[]
(0.000) SHOW FULL TABLES; args=None
(0.000) INSERT INTO `django_migrations` (`app`, `name`, `applied`) VALUES ('locations', '0026_auto_20190404_2202', '2019-05-03 20:00:27.609667'); args=['locations', '0026_auto_20190404_2202', '2019-05-03 20:00:27.609667']
ALTER TABLE `locations_userprofile` DROP COLUMN `last_mobile_login`; (params ())
(0.030) ALTER TABLE `locations_userprofile` DROP COLUMN `last_mobile_login`; args=()
ALTER TABLE `locations_userprofile` DROP COLUMN `new_email_update`; (params ())
(0.035) ALTER TABLE `locations_userprofile` DROP COLUMN `new_email_update`; args=()
(0.000) SHOW FULL TABLES; args=None
(0.000) INSERT INTO `django_migrations` (`app`, `name`, `applied`) VALUES ('locations', '0027_auto_20190404_2203', '2019-05-03 20:00:27.702841'); args=['locations', '0027_auto_20190404_2203', '2019-05-03 20:00:27.702841']
ALTER TABLE `locations_userprofile` ADD COLUMN `last_mobile_login` date DEFAULT %s NULL; (params ['2019-05-03'])
(0.034) ALTER TABLE `locations_userprofile` ADD COLUMN `last_mobile_login` date DEFAULT '2019-05-03' NULL; args=['2019-05-03']
ALTER TABLE `locations_userprofile` ALTER COLUMN `last_mobile_login` DROP DEFAULT; (params [])
(0.003) ALTER TABLE `locations_userprofile` ALTER COLUMN `last_mobile_login` DROP DEFAULT; args=[]
(0.000) SELECT engine FROM information_schema.tables WHERE table_name = 'locations_userprofile'; args=['locations_userprofile']
ALTER TABLE `locations_userprofile` ADD COLUMN `new_email_update` date DEFAULT %s NULL; (params ['2019-05-03'])
(0.032) ALTER TABLE `locations_userprofile` ADD COLUMN `new_email_update` date DEFAULT '2019-05-03' NULL; args=['2019-05-03']
ALTER TABLE `locations_userprofile` ALTER COLUMN `new_email_update` DROP DEFAULT; (params [])
(0.003) ALTER TABLE `locations_userprofile` ALTER COLUMN `new_email_update` DROP DEFAULT; args=[]
(0.000) SELECT engine FROM information_schema.tables WHERE table_name = 'locations_userprofile'; args=['locations_userprofile']
(0.000) SHOW FULL TABLES; args=None
(0.000) INSERT INTO `django_migrations` (`app`, `name`, `applied`) VALUES ('locations', '0028_auto_20190404_2204', '2019-05-03 20:00:27.806022'); args=['locations', '0028_auto_20190404_2204', '2019-05-03 20:00:27.806022']
ALTER TABLE `locations_userprofile` DROP COLUMN `last_mobile_login`; (params ())
(0.035) ALTER TABLE `locations_userprofile` DROP COLUMN `last_mobile_login`; args=()
ALTER TABLE `locations_userprofile` DROP COLUMN `new_email_update`; (params ())
(0.033) ALTER TABLE `locations_userprofile` DROP COLUMN `new_email_update`; args=()
(0.000) SHOW FULL TABLES; args=None
(0.000) INSERT INTO `django_migrations` (`app`, `name`, `applied`) VALUES ('locations', '0029_auto_20190404_2207', '2019-05-03 20:00:27.902573'); args=['locations', '0029_auto_20190404_2207', '2019-05-03 20:00:27.902573']
ALTER TABLE `locations_userprofile` ADD COLUMN `last_mobile_login` date NULL; (params [])
(0.037) ALTER TABLE `locations_userprofile` ADD COLUMN `last_mobile_login` date NULL; args=[]
(0.000) SELECT engine FROM information_schema.tables WHERE table_name = 'locations_userprofile'; args=['locations_userprofile']
(0.000) SHOW FULL TABLES; args=None
(0.000) INSERT INTO `django_migrations` (`app`, `name`, `applied`) VALUES ('locations', '0030_userprofile_last_mobile_login', '2019-05-03 20:00:27.957863'); args=['locations', '0030_userprofile_last_mobile_login', '2019-05-03 20:00:27.957863']
ALTER TABLE `locations_userprofile` ALTER COLUMN `last_mobile_login` SET DEFAULT %s; (params ['2019-05-03'])
(0.003) ALTER TABLE `locations_userprofile` ALTER COLUMN `last_mobile_login` SET DEFAULT '2019-05-03'; args=['2019-05-03']
UPDATE `locations_userprofile` SET `last_mobile_login` = %s WHERE `last_mobile_login` IS NULL; (params ['2019-05-03'])
(0.000) UPDATE `locations_userprofile` SET `last_mobile_login` = '2019-05-03' WHERE `last_mobile_login` IS NULL; args=['2019-05-03']
ALTER TABLE `locations_userprofile` MODIFY `last_mobile_login` date NOT NULL; (params [])
(0.036) ALTER TABLE `locations_userprofile` MODIFY `last_mobile_login` date NOT NULL; args=[]
ALTER TABLE `locations_userprofile` ALTER COLUMN `last_mobile_login` DROP DEFAULT; (params [])
(0.003) ALTER TABLE `locations_userprofile` ALTER COLUMN `last_mobile_login` DROP DEFAULT; args=[]
(0.000) SHOW FULL TABLES; args=None
(0.000) INSERT INTO `django_migrations` (`app`, `name`, `applied`) VALUES ('locations', '0031_auto_20190404_2218', '2019-05-03 20:00:28.038412'); args=['locations', '0031_auto_20190404_2218', '2019-05-03 20:00:28.038412']
ALTER TABLE `locations_userprofile` DROP COLUMN `last_mobile_login`; (params ())
(0.052) ALTER TABLE `locations_userprofile` DROP COLUMN `last_mobile_login`; args=()
ALTER TABLE `locations_userprofile` ADD COLUMN `test` varchar(100) NULL; (params [])
(0.045) ALTER TABLE `locations_userprofile` ADD COLUMN `test` varchar(100) NULL; args=[]
(0.000) SELECT engine FROM information_schema.tables WHERE table_name = 'locations_userprofile'; args=['locations_userprofile']
(0.000) SHOW FULL TABLES; args=None
(0.000) INSERT INTO `django_migrations` (`app`, `name`, `applied`) VALUES ('locations', '0032_auto_20190404_2219', '2019-05-03 20:00:28.163952'); args=['locations', '0032_auto_20190404_2219', '2019-05-03 20:00:28.163952']
ALTER TABLE `locations_userprofile` DROP COLUMN `test`; (params ())
(0.035) ALTER TABLE `locations_userprofile` DROP COLUMN `test`; args=()
(0.000) SHOW FULL TABLES; args=None
(0.000) INSERT INTO `django_migrations` (`app`, `name`, `applied`) VALUES ('locations', '0033_remove_userprofile_test', '2019-05-03 20:00:28.217842'); args=['locations', '0033_remove_userprofile_test', '2019-05-03 20:00:28.217842']
ALTER TABLE `locations_userprofile` ADD COLUMN `test` varchar(100) NULL; (params [])
(0.042) ALTER TABLE `locations_userprofile` ADD COLUMN `test` varchar(100) NULL; args=[]
(0.000) SELECT engine FROM information_schema.tables WHERE table_name = 'locations_userprofile'; args=['locations_userprofile']
(0.000) SHOW FULL TABLES; args=None
(0.000) INSERT INTO `django_migrations` (`app`, `name`, `applied`) VALUES ('locations', '0034_userprofile_test', '2019-05-03 20:00:28.275887'); args=['locations', '0034_userprofile_test', '2019-05-03 20:00:28.275887']
ALTER TABLE `locations_userprofile` ADD COLUMN `last_mobile_login` date NULL; (params [])
(0.034) ALTER TABLE `locations_userprofile` ADD COLUMN `last_mobile_login` date NULL; args=[]
(0.000) SELECT engine FROM information_schema.tables WHERE table_name = 'locations_userprofile'; args=['locations_userprofile']
(0.000) SHOW FULL TABLES; args=None
(0.000) INSERT INTO `django_migrations` (`app`, `name`, `applied`) VALUES ('locations', '0035_userprofile_last_mobile_login', '2019-05-03 20:00:28.326503'); args=['locations', '0035_userprofile_last_mobile_login', '2019-05-03 20:00:28.326503']
ALTER TABLE `locations_userprofile` MODIFY `last_mobile_login` datetime(6) NULL; (params [])
(0.047) ALTER TABLE `locations_userprofile` MODIFY `last_mobile_login` datetime(6) NULL; args=[]
(0.000) SHOW FULL TABLES; args=None
(0.000) INSERT INTO `django_migrations` (`app`, `name`, `applied`) VALUES ('locations', '0036_auto_20190404_2229', '2019-05-03 20:00:28.389911'); args=['locations', '0036_auto_20190404_2229', '2019-05-03 20:00:28.389911']
ALTER TABLE `locations_userprofile` ADD COLUMN `new_email_update` datetime(6) NULL; (params [])
(0.031) ALTER TABLE `locations_userprofile` ADD COLUMN `new_email_update` datetime(6) NULL; args=[]
(0.000) SELECT engine FROM information_schema.tables WHERE table_name = 'locations_userprofile'; args=['locations_userprofile']
(0.000) SHOW FULL TABLES; args=None
(0.000) INSERT INTO `django_migrations` (`app`, `name`, `applied`) VALUES ('locations', '0037_userprofile_new_email_update', '2019-05-03 20:00:28.439204'); args=['locations', '0037_userprofile_new_email_update', '2019-05-03 20:00:28.439204']
ALTER TABLE `locations_userprofile` DROP COLUMN `test`; (params ())
(0.034) ALTER TABLE `locations_userprofile` DROP COLUMN `test`; args=()
(0.000) SHOW FULL TABLES; args=None
(0.000) INSERT INTO `django_migrations` (`app`, `name`, `applied`) VALUES ('locations', '0038_remove_userprofile_test', '2019-05-03 20:00:28.489833'); args=['locations', '0038_remove_userprofile_test', '2019-05-03 20:00:28.489833']
ALTER TABLE `locations_userprofile` ADD COLUMN `last_portal_login` datetime(6) NULL; (params [])
(0.033) ALTER TABLE `locations_userprofile` ADD COLUMN `last_portal_login` datetime(6) NULL; args=[]
(0.000) SELECT engine FROM information_schema.tables WHERE table_name = 'locations_userprofile'; args=['locations_userprofile']
(0.000) SHOW FULL TABLES; args=None
(0.000) INSERT INTO `django_migrations` (`app`, `name`, `applied`) VALUES ('locations', '0039_userprofile_last_portal_login', '2019-05-03 20:00:28.538989'); args=['locations', '0039_userprofile_last_portal_login', '2019-05-03 20:00:28.538989']
ALTER TABLE `locations_location` ADD COLUMN `admin_emails` longtext NOT NULL; (params [])
(0.029) ALTER TABLE `locations_location` ADD COLUMN `admin_emails` longtext NOT NULL; args=[]
(0.000) SELECT engine FROM information_schema.tables WHERE table_name = 'locations_location'; args=['locations_location']
(0.000) SHOW FULL TABLES; args=None
(0.000) INSERT INTO `django_migrations` (`app`, `name`, `applied`) VALUES ('locations', '0040_location_admin_emails', '2019-05-03 20:00:28.579676'); args=['locations', '0040_location_admin_emails', '2019-05-03 20:00:28.579676']
ALTER TABLE `locations_location` ADD COLUMN `has_notifications` bool DEFAULT %s NOT NULL; (params [True])
(0.031) ALTER TABLE `locations_location` ADD COLUMN `has_notifications` bool DEFAULT 1 NOT NULL; args=[True]
ALTER TABLE `locations_location` ALTER COLUMN `has_notifications` DROP DEFAULT; (params [])
(0.004) ALTER TABLE `locations_location` ALTER COLUMN `has_notifications` DROP DEFAULT; args=[]
(0.000) SELECT engine FROM information_schema.tables WHERE table_name = 'locations_location'; args=['locations_location']
ALTER TABLE `locations_location` ADD COLUMN `notify_admins` bool DEFAULT %s NOT NULL; (params [True])
(0.028) ALTER TABLE `locations_location` ADD COLUMN `notify_admins` bool DEFAULT 1 NOT NULL; args=[True]
ALTER TABLE `locations_location` ALTER COLUMN `notify_admins` DROP DEFAULT; (params [])
(0.004) ALTER TABLE `locations_location` ALTER COLUMN `notify_admins` DROP DEFAULT; args=[]
(0.000) SELECT engine FROM information_schema.tables WHERE table_name = 'locations_location'; args=['locations_location']
(0.000) SHOW FULL TABLES; args=None
(0.000) INSERT INTO `django_migrations` (`app`, `name`, `applied`) VALUES ('locations', '0041_auto_20190415_2035', '2019-05-03 20:00:28.667403'); args=['locations', '0041_auto_20190415_2035', '2019-05-03 20:00:28.667403']
CREATE TABLE `django_session` (`session_key` varchar(40) NOT NULL PRIMARY KEY, `session_data` longtext NOT NULL, `expire_date` datetime(6) NOT NULL); (params None)
(0.021) CREATE TABLE `django_session` (`session_key` varchar(40) NOT NULL PRIMARY KEY, `session_data` longtext NOT NULL, `expire_date` datetime(6) NOT NULL); args=None
(0.000) SELECT engine FROM information_schema.tables WHERE table_name = 'django_session'; args=['django_session']
(0.000) SELECT engine FROM information_schema.tables WHERE table_name = 'django_session'; args=['django_session']
(0.000) SELECT engine FROM information_schema.tables WHERE table_name = 'django_session'; args=['django_session']
CREATE INDEX `django_session_expire_date_a5c62663` ON `django_session` (`expire_date`); (params ())
(0.014) CREATE INDEX `django_session_expire_date_a5c62663` ON `django_session` (`expire_date`); args=()
(0.000) SHOW FULL TABLES; args=None
(0.000) INSERT INTO `django_migrations` (`app`, `name`, `applied`) VALUES ('sessions', '0001_initial', '2019-05-03 20:00:28.709962'); args=['sessions', '0001_initial', '2019-05-03 20:00:28.709962']
(0.000) SHOW FULL TABLES; args=None
(0.000) SELECT `django_migrations`.`app`, `django_migrations`.`name` FROM `django_migrations`; args=()
(0.000) SELECT `django_content_type`.`id`, `django_content_type`.`app_label`, `django_content_type`.`model` FROM `django_content_type` WHERE `django_content_type`.`app_label` = 'corsheaders'; args=('corsheaders',)
(0.000) SELECT `django_content_type`.`id`, `django_content_type`.`app_label`, `django_content_type`.`model` FROM `django_content_type` WHERE (`django_content_type`.`app_label` = 'admin' AND `django_content_type`.`model` = 'logentry'); args=('admin', 'logentry')
(0.000) SELECT `django_content_type`.`id`, `django_content_type`.`app_label`, `django_content_type`.`model` FROM `django_content_type` WHERE (`django_content_type`.`app_label` = 'admin' AND `django_content_type`.`model` = 'logentry'); args=('admin', 'logentry')
(0.000) INSERT INTO `django_content_type` (`app_label`, `model`) VALUES ('admin', 'logentry'); args=['admin', 'logentry']
(0.000) SELECT `auth_permission`.`content_type_id`, `auth_permission`.`codename` FROM `auth_permission` INNER JOIN `django_content_type` ON (`auth_permission`.`content_type_id` = `django_content_type`.`id`) WHERE `auth_permission`.`content_type_id` IN (1) ORDER BY `django_content_type`.`app_label` ASC, `django_content_type`.`model` ASC, `auth_permission`.`codename` ASC; args=(1,)
(0.000) INSERT INTO `auth_permission` (`name`, `content_type_id`, `codename`) VALUES ('Can add log entry', 1, 'add_logentry'), ('Can change log entry', 1, 'change_logentry'), ('Can delete log entry', 1, 'delete_logentry'); args=('Can add log entry', 1, 'add_logentry', 'Can change log entry', 1, 'change_logentry', 'Can delete log entry', 1, 'delete_logentry')
(0.000) SELECT `django_content_type`.`id`, `django_content_type`.`app_label`, `django_content_type`.`model` FROM `django_content_type` WHERE `django_content_type`.`app_label` = 'admin'; args=('admin',)
(0.000) SELECT `django_content_type`.`id`, `django_content_type`.`app_label`, `django_content_type`.`model` FROM `django_content_type` WHERE (`django_content_type`.`app_label` = 'auth' AND `django_content_type`.`model` = 'permission'); args=('auth', 'permission')
(0.000) SELECT `django_content_type`.`id`, `django_content_type`.`app_label`, `django_content_type`.`model` FROM `django_content_type` WHERE (`django_content_type`.`app_label` = 'auth' AND `django_content_type`.`model` = 'permission'); args=('auth', 'permission')
(0.000) INSERT INTO `django_content_type` (`app_label`, `model`) VALUES ('auth', 'permission'); args=['auth', 'permission']
(0.000) SELECT `django_content_type`.`id`, `django_content_type`.`app_label`, `django_content_type`.`model` FROM `django_content_type` WHERE (`django_content_type`.`app_label` = 'auth' AND `django_content_type`.`model` = 'group'); args=('auth', 'group')
(0.000) SELECT `django_content_type`.`id`, `django_content_type`.`app_label`, `django_content_type`.`model` FROM `django_content_type` WHERE (`django_content_type`.`app_label` = 'auth' AND `django_content_type`.`model` = 'group'); args=('auth', 'group')
(0.000) INSERT INTO `django_content_type` (`app_label`, `model`) VALUES ('auth', 'group'); args=['auth', 'group']
(0.000) SELECT `django_content_type`.`id`, `django_content_type`.`app_label`, `django_content_type`.`model` FROM `django_content_type` WHERE (`django_content_type`.`app_label` = 'auth' AND `django_content_type`.`model` = 'user'); args=('auth', 'user')
(0.000) SELECT `django_content_type`.`id`, `django_content_type`.`app_label`, `django_content_type`.`model` FROM `django_content_type` WHERE (`django_content_type`.`app_label` = 'auth' AND `django_content_type`.`model` = 'user'); args=('auth', 'user')
(0.000) INSERT INTO `django_content_type` (`app_label`, `model`) VALUES ('auth', 'user'); args=['auth', 'user']
(0.000) SELECT `auth_permission`.`content_type_id`, `auth_permission`.`codename` FROM `auth_permission` INNER JOIN `django_content_type` ON (`auth_permission`.`content_type_id` = `django_content_type`.`id`) WHERE `auth_permission`.`content_type_id` IN (2, 3, 4) ORDER BY `django_content_type`.`app_label` ASC, `django_content_type`.`model` ASC, `auth_permission`.`codename` ASC; args=(2, 3, 4)
(0.000) INSERT INTO `auth_permission` (`name`, `content_type_id`, `codename`) VALUES ('Can add permission', 2, 'add_permission'), ('Can change permission', 2, 'change_permission'), ('Can delete permission', 2, 'delete_permission'), ('Can add group', 3, 'add_group'), ('Can change group', 3, 'change_group'), ('Can delete group', 3, 'delete_group'), ('Can add user', 4, 'add_user'), ('Can change user', 4, 'change_user'), ('Can delete user', 4, 'delete_user'); args=('Can add permission', 2, 'add_permission', 'Can change permission', 2, 'change_permission', 'Can delete permission', 2, 'delete_permission', 'Can add group', 3, 'add_group', 'Can change group', 3, 'change_group', 'Can delete group', 3, 'delete_group', 'Can add user', 4, 'add_user', 'Can change user', 4, 'change_user', 'Can delete user', 4, 'delete_user')
(0.000) SELECT `django_content_type`.`id`, `django_content_type`.`app_label`, `django_content_type`.`model` FROM `django_content_type` WHERE `django_content_type`.`app_label` = 'auth'; args=('auth',)
(0.000) SELECT `django_content_type`.`id`, `django_content_type`.`app_label`, `django_content_type`.`model` FROM `django_content_type` WHERE (`django_content_type`.`app_label` = 'contenttypes' AND `django_content_type`.`model` = 'contenttype'); args=('contenttypes', 'contenttype')
(0.000) SELECT `django_content_type`.`id`, `django_content_type`.`app_label`, `django_content_type`.`model` FROM `django_content_type` WHERE (`django_content_type`.`app_label` = 'contenttypes' AND `django_content_type`.`model` = 'contenttype'); args=('contenttypes', 'contenttype')
(0.000) INSERT INTO `django_content_type` (`app_label`, `model`) VALUES ('contenttypes', 'contenttype'); args=['contenttypes', 'contenttype']
(0.000) SELECT `auth_permission`.`content_type_id`, `auth_permission`.`codename` FROM `auth_permission` INNER JOIN `django_content_type` ON (`auth_permission`.`content_type_id` = `django_content_type`.`id`) WHERE `auth_permission`.`content_type_id` IN (5) ORDER BY `django_content_type`.`app_label` ASC, `django_content_type`.`model` ASC, `auth_permission`.`codename` ASC; args=(5,)
(0.000) INSERT INTO `auth_permission` (`name`, `content_type_id`, `codename`) VALUES ('Can add content type', 5, 'add_contenttype'), ('Can change content type', 5, 'change_contenttype'), ('Can delete content type', 5, 'delete_contenttype'); args=('Can add content type', 5, 'add_contenttype', 'Can change content type', 5, 'change_contenttype', 'Can delete content type', 5, 'delete_contenttype')
(0.000) SELECT `django_content_type`.`id`, `django_content_type`.`app_label`, `django_content_type`.`model` FROM `django_content_type` WHERE `django_content_type`.`app_label` = 'contenttypes'; args=('contenttypes',)
(0.000) SELECT `django_content_type`.`id`, `django_content_type`.`app_label`, `django_content_type`.`model` FROM `django_content_type` WHERE (`django_content_type`.`app_label` = 'sessions' AND `django_content_type`.`model` = 'session'); args=('sessions', 'session')
(0.000) SELECT `django_content_type`.`id`, `django_content_type`.`app_label`, `django_content_type`.`model` FROM `django_content_type` WHERE (`django_content_type`.`app_label` = 'sessions' AND `django_content_type`.`model` = 'session'); args=('sessions', 'session')
(0.000) INSERT INTO `django_content_type` (`app_label`, `model`) VALUES ('sessions', 'session'); args=['sessions', 'session']
(0.000) SELECT `auth_permission`.`content_type_id`, `auth_permission`.`codename` FROM `auth_permission` INNER JOIN `django_content_type` ON (`auth_permission`.`content_type_id` = `django_content_type`.`id`) WHERE `auth_permission`.`content_type_id` IN (6) ORDER BY `django_content_type`.`app_label` ASC, `django_content_type`.`model` ASC, `auth_permission`.`codename` ASC; args=(6,)
(0.000) INSERT INTO `auth_permission` (`name`, `content_type_id`, `codename`) VALUES ('Can add session', 6, 'add_session'), ('Can change session', 6, 'change_session'), ('Can delete session', 6, 'delete_session'); args=('Can add session', 6, 'add_session', 'Can change session', 6, 'change_session', 'Can delete session', 6, 'delete_session')
(0.000) SELECT `django_content_type`.`id`, `django_content_type`.`app_label`, `django_content_type`.`model` FROM `django_content_type` WHERE `django_content_type`.`app_label` = 'sessions'; args=('sessions',)
(0.000) SELECT `django_content_type`.`id`, `django_content_type`.`app_label`, `django_content_type`.`model` FROM `django_content_type` WHERE (`django_content_type`.`app_label` = 'locations' AND `django_content_type`.`model` = 'client'); args=('locations', 'client')
(0.000) SELECT `django_content_type`.`id`, `django_content_type`.`app_label`, `django_content_type`.`model` FROM `django_content_type` WHERE (`django_content_type`.`app_label` = 'locations' AND `django_content_type`.`model` = 'client'); args=('locations', 'client')
(0.000) INSERT INTO `django_content_type` (`app_label`, `model`) VALUES ('locations', 'client'); args=['locations', 'client']
(0.000) SELECT `django_content_type`.`id`, `django_content_type`.`app_label`, `django_content_type`.`model` FROM `django_content_type` WHERE (`django_content_type`.`app_label` = 'locations' AND `django_content_type`.`model` = 'dealer'); args=('locations', 'dealer')
(0.000) SELECT `django_content_type`.`id`, `django_content_type`.`app_label`, `django_content_type`.`model` FROM `django_content_type` WHERE (`django_content_type`.`app_label` = 'locations' AND `django_content_type`.`model` = 'dealer'); args=('locations', 'dealer')
(0.000) INSERT INTO `django_content_type` (`app_label`, `model`) VALUES ('locations', 'dealer'); args=['locations', 'dealer']
(0.000) SELECT `django_content_type`.`id`, `django_content_type`.`app_label`, `django_content_type`.`model` FROM `django_content_type` WHERE (`django_content_type`.`app_label` = 'locations' AND `django_content_type`.`model` = 'historicalkwinfo'); args=('locations', 'historicalkwinfo')
(0.000) SELECT `django_content_type`.`id`, `django_content_type`.`app_label`, `django_content_type`.`model` FROM `django_content_type` WHERE (`django_content_type`.`app_label` = 'locations' AND `django_content_type`.`model` = 'historicalkwinfo'); args=('locations', 'historicalkwinfo')
(0.000) INSERT INTO `django_content_type` (`app_label`, `model`) VALUES ('locations', 'historicalkwinfo'); args=['locations', 'historicalkwinfo']
(0.000) SELECT `django_content_type`.`id`, `django_content_type`.`app_label`, `django_content_type`.`model` FROM `django_content_type` WHERE (`django_content_type`.`app_label` = 'locations' AND `django_content_type`.`model` = 'location'); args=('locations', 'location')
(0.000) SELECT `django_content_type`.`id`, `django_content_type`.`app_label`, `django_content_type`.`model` FROM `django_content_type` WHERE (`django_content_type`.`app_label` = 'locations' AND `django_content_type`.`model` = 'location'); args=('locations', 'location')
(0.000) INSERT INTO `django_content_type` (`app_label`, `model`) VALUES ('locations', 'location'); args=['locations', 'location']
(0.000) SELECT `django_content_type`.`id`, `django_content_type`.`app_label`, `django_content_type`.`model` FROM `django_content_type` WHERE (`django_content_type`.`app_label` = 'locations' AND `django_content_type`.`model` = 'userprofile'); args=('locations', 'userprofile')
(0.000) SELECT `django_content_type`.`id`, `django_content_type`.`app_label`, `django_content_type`.`model` FROM `django_content_type` WHERE (`django_content_type`.`app_label` = 'locations' AND `django_content_type`.`model` = 'userprofile'); args=('locations', 'userprofile')
(0.000) INSERT INTO `django_content_type` (`app_label`, `model`) VALUES ('locations', 'userprofile'); args=['locations', 'userprofile']
(0.000) SELECT `django_content_type`.`id`, `django_content_type`.`app_label`, `django_content_type`.`model` FROM `django_content_type` WHERE (`django_content_type`.`app_label` = 'locations' AND `django_content_type`.`model` = 'device'); args=('locations', 'device')
(0.000) SELECT `django_content_type`.`id`, `django_content_type`.`app_label`, `django_content_type`.`model` FROM `django_content_type` WHERE (`django_content_type`.`app_label` = 'locations' AND `django_content_type`.`model` = 'device'); args=('locations', 'device')
(0.000) INSERT INTO `django_content_type` (`app_label`, `model`) VALUES ('locations', 'device'); args=['locations', 'device']
(0.000) SELECT `auth_permission`.`content_type_id`, `auth_permission`.`codename` FROM `auth_permission` INNER JOIN `django_content_type` ON (`auth_permission`.`content_type_id` = `django_content_type`.`id`) WHERE `auth_permission`.`content_type_id` IN (7, 8, 9, 10, 11, 12) ORDER BY `django_content_type`.`app_label` ASC, `django_content_type`.`model` ASC, `auth_permission`.`codename` ASC; args=(7, 8, 9, 10, 11, 12)
(0.000) INSERT INTO `auth_permission` (`name`, `content_type_id`, `codename`) VALUES ('Can add client', 7, 'add_client'), ('Can change client', 7, 'change_client'), ('Can delete client', 7, 'delete_client'), ('Can add dealer', 8, 'add_dealer'), ('Can change dealer', 8, 'change_dealer'), ('Can delete dealer', 8, 'delete_dealer'), ('Can add historical kw info', 9, 'add_historicalkwinfo'), ('Can change historical kw info', 9, 'change_historicalkwinfo'), ('Can delete historical kw info', 9, 'delete_historicalkwinfo'), ('Can add location', 10, 'add_location'), ('Can change location', 10, 'change_location'), ('Can delete location', 10, 'delete_location'), ('Can add user profile', 11, 'add_userprofile'), ('Can change user profile', 11, 'change_userprofile'), ('Can delete user profile', 11, 'delete_userprofile'), ('Can add device', 12, 'add_device'), ('Can change device', 12, 'change_device'), ('Can delete device', 12, 'delete_device'); args=('Can add client', 7, 'add_client', 'Can change client', 7, 'change_client', 'Can delete client', 7, 'delete_client', 'Can add dealer', 8, 'add_dealer', 'Can change dealer', 8, 'change_dealer', 'Can delete dealer', 8, 'delete_dealer', 'Can add historical kw info', 9, 'add_historicalkwinfo', 'Can change historical kw info', 9, 'change_historicalkwinfo', 'Can delete historical kw info', 9, 'delete_historicalkwinfo', 'Can add location', 10, 'add_location', 'Can change location', 10, 'change_location', 'Can delete location', 10, 'delete_location', 'Can add user profile', 11, 'add_userprofile', 'Can change user profile', 11, 'change_userprofile', 'Can delete user profile', 11, 'delete_userprofile', 'Can add device', 12, 'add_device', 'Can change device', 12, 'change_device', 'Can delete device', 12, 'delete_device')
(0.000) SELECT `django_content_type`.`id`, `django_content_type`.`app_label`, `django_content_type`.`model` FROM `django_content_type` WHERE `django_content_type`.`app_label` = 'locations'; args=('locations',)
(0.000) SELECT @@SQL_AUTO_IS_NULL; args=None
(0.000) SET SESSION TRANSACTION ISOLATION LEVEL READ COMMITTED; args=None
(0.000) SELECT VERSION(); args=None
(0.000) SET SESSION TRANSACTION ISOLATION LEVEL READ COMMITTED; args=None
(0.000) SHOW FULL TABLES; args=None
(0.000) SELECT `django_migrations`.`app`, `django_migrations`.`name` FROM `django_migrations`; args=()
(0.000) SELECT @@SQL_AUTO_IS_NULL; args=None
(0.000) SET SESSION TRANSACTION ISOLATION LEVEL READ COMMITTED; args=None
(0.000) SELECT VERSION(); args=None
(0.000) SET SESSION TRANSACTION ISOLATION LEVEL READ COMMITTED; args=None
(0.000) SELECT `django_session`.`session_key`, `django_session`.`session_data`, `django_session`.`expire_date` FROM `django_session` WHERE (`django_session`.`expire_date` > '2019-05-03 20:00:40.889379' AND `django_session`.`session_key` = 'lhv485c88izn16k6h8zqjcon7ok405zr'); args=('2019-05-03 20:00:40.889379', 'lhv485c88izn16k6h8zqjcon7ok405zr')
"GET /admin/ HTTP/1.1" 302 0
Exception while resolving variable 'is_popup' in template 'admin/login.html'.
Traceback (most recent call last):
  File "/data/portal/env/lib/python3.6/site-packages/django/template/base.py", line 835, in _resolve_lookup
    current = current[bit]
  File "/data/portal/env/lib/python3.6/site-packages/django/template/context.py", line 83, in __getitem__
    raise KeyError(key)
KeyError: 'is_popup'

During handling of the above exception, another exception occurred:

Traceback (most recent call last):
  File "/data/portal/env/lib/python3.6/site-packages/django/template/base.py", line 841, in _resolve_lookup
    if isinstance(current, BaseContext) and getattr(type(current), bit):
AttributeError: type object 'RequestContext' has no attribute 'is_popup'

During handling of the above exception, another exception occurred:

Traceback (most recent call last):
  File "/data/portal/env/lib/python3.6/site-packages/django/template/base.py", line 849, in _resolve_lookup
    current = current[int(bit)]
ValueError: invalid literal for int() with base 10: 'is_popup'

During handling of the above exception, another exception occurred:

Traceback (most recent call last):
  File "/data/portal/env/lib/python3.6/site-packages/django/template/base.py", line 856, in _resolve_lookup
    (bit, current))  # missing attribute
django.template.base.VariableDoesNotExist: Failed lookup for key [is_popup] in [{'True': True, 'False': False, 'None': None}, {'csrf_token': <SimpleLazyObject: <function csrf.<locals>._get_val at 0x7fab2d44b378>>, 'request': <WSGIRequest: GET '/admin/login/?next=/admin/'>, 'user': <SimpleLazyObject: <django.contrib.auth.models.AnonymousUser object at 0x7fab2d43f9e8>>, 'perms': <django.contrib.auth.context_processors.PermWrapper object at 0x7fab2d402400>, 'messages': <django.contrib.messages.storage.fallback.FallbackStorage object at 0x7fab2d43f978>, 'DEFAULT_MESSAGE_LEVELS': {'DEBUG': 10, 'INFO': 20, 'SUCCESS': 25, 'WARNING': 30, 'ERROR': 40}}, {}, {'form': <AdminAuthenticationForm bound=False, valid=Unknown, fields=(username;password)>, 'view': <django.contrib.auth.views.LoginView object at 0x7fab2d43fb70>, 'site_title': 'Django site admin', 'site_header': 'Django administration', 'site_url': '/', 'has_permission': False, 'available_apps': [], 'title': 'Log in', 'app_path': '/admin/login/?next=/admin/', 'username': '', 'next': '/admin/', 'site': <django.contrib.sites.requests.RequestSite object at 0x7fab2d43fe10>, 'site_name': 'ec2-34-221-134-231.us-west-2.compute.amazonaws.com:8000', 'LANGUAGE_CODE': 'en-us', 'LANGUAGE_BIDI': False}]
Exception while resolving variable 'is_popup' in template 'admin/login.html'.
Traceback (most recent call last):
  File "/data/portal/env/lib/python3.6/site-packages/django/template/base.py", line 835, in _resolve_lookup
    current = current[bit]
  File "/data/portal/env/lib/python3.6/site-packages/django/template/context.py", line 83, in __getitem__
    raise KeyError(key)
KeyError: 'is_popup'

During handling of the above exception, another exception occurred:

Traceback (most recent call last):
  File "/data/portal/env/lib/python3.6/site-packages/django/template/base.py", line 841, in _resolve_lookup
    if isinstance(current, BaseContext) and getattr(type(current), bit):
AttributeError: type object 'RequestContext' has no attribute 'is_popup'

During handling of the above exception, another exception occurred:

Traceback (most recent call last):
  File "/data/portal/env/lib/python3.6/site-packages/django/template/base.py", line 849, in _resolve_lookup
    current = current[int(bit)]
ValueError: invalid literal for int() with base 10: 'is_popup'

During handling of the above exception, another exception occurred:

Traceback (most recent call last):
  File "/data/portal/env/lib/python3.6/site-packages/django/template/base.py", line 856, in _resolve_lookup
    (bit, current))  # missing attribute
django.template.base.VariableDoesNotExist: Failed lookup for key [is_popup] in [{'True': True, 'False': False, 'None': None}, {'csrf_token': <SimpleLazyObject: <function csrf.<locals>._get_val at 0x7fab2d44b378>>, 'request': <WSGIRequest: GET '/admin/login/?next=/admin/'>, 'user': <SimpleLazyObject: <django.contrib.auth.models.AnonymousUser object at 0x7fab2d43f9e8>>, 'perms': <django.contrib.auth.context_processors.PermWrapper object at 0x7fab2d402400>, 'messages': <django.contrib.messages.storage.fallback.FallbackStorage object at 0x7fab2d43f978>, 'DEFAULT_MESSAGE_LEVELS': {'DEBUG': 10, 'INFO': 20, 'SUCCESS': 25, 'WARNING': 30, 'ERROR': 40}}, {}, {'form': <AdminAuthenticationForm bound=False, valid=Unknown, fields=(username;password)>, 'view': <django.contrib.auth.views.LoginView object at 0x7fab2d43fb70>, 'site_title': 'Django site admin', 'site_header': 'Django administration', 'site_url': '/', 'has_permission': False, 'available_apps': [], 'title': 'Log in', 'app_path': '/admin/login/?next=/admin/', 'username': '', 'next': '/admin/', 'site': <django.contrib.sites.requests.RequestSite object at 0x7fab2d43fe10>, 'site_name': 'ec2-34-221-134-231.us-west-2.compute.amazonaws.com:8000', 'LANGUAGE_CODE': 'en-us', 'LANGUAGE_BIDI': False}]
"GET /admin/login/?next=/admin/ HTTP/1.1" 200 1901
"GET /static/admin/css/login.css HTTP/1.1" 200 1203
"GET /static/admin/css/base.css HTTP/1.1" 304 0
"GET /static/admin/css/responsive.css HTTP/1.1" 304 0
(0.000) SELECT @@SQL_AUTO_IS_NULL; args=None
(0.000) SET SESSION TRANSACTION ISOLATION LEVEL READ COMMITTED; args=None
(0.000) SELECT VERSION(); args=None
(0.000) SET SESSION TRANSACTION ISOLATION LEVEL READ COMMITTED; args=None
(0.000) SHOW FULL TABLES; args=None
(0.000) SELECT `django_migrations`.`app`, `django_migrations`.`name` FROM `django_migrations`; args=()
(0.000) SELECT `auth_user`.`id`, `auth_user`.`password`, `auth_user`.`last_login`, `auth_user`.`is_superuser`, `auth_user`.`username`, `auth_user`.`first_name`, `auth_user`.`last_name`, `auth_user`.`email`, `auth_user`.`is_staff`, `auth_user`.`is_active`, `auth_user`.`date_joined` FROM `auth_user` WHERE `auth_user`.`username` = 'ubuntu'; args=('ubuntu',)
(0.000) SELECT `auth_user`.`id`, `auth_user`.`password`, `auth_user`.`last_login`, `auth_user`.`is_superuser`, `auth_user`.`username`, `auth_user`.`first_name`, `auth_user`.`last_name`, `auth_user`.`email`, `auth_user`.`is_staff`, `auth_user`.`is_active`, `auth_user`.`date_joined` FROM `auth_user` WHERE `auth_user`.`username` = 'admin'; args=('admin',)
(0.000) INSERT INTO `auth_user` (`password`, `last_login`, `is_superuser`, `username`, `first_name`, `last_name`, `email`, `is_staff`, `is_active`, `date_joined`) VALUES ('pbkdf2_sha256$100000$Sts2mxe2Qf3v$HD+iF/UYNW9qmjN7jdnIeqnvuGnnZcNYy2jjMyAhgFo=', NULL, 1, 'admin', '', '', '', 1, 1, '2019-05-03 20:01:32.972184'); args=['pbkdf2_sha256$100000$Sts2mxe2Qf3v$HD+iF/UYNW9qmjN7jdnIeqnvuGnnZcNYy2jjMyAhgFo=', None, True, 'admin', '', '', '', True, True, '2019-05-03 20:01:32.972184']
(0.000) SELECT @@SQL_AUTO_IS_NULL; args=None
(0.000) SET SESSION TRANSACTION ISOLATION LEVEL READ COMMITTED; args=None
(0.000) SELECT VERSION(); args=None
(0.000) SET SESSION TRANSACTION ISOLATION LEVEL READ COMMITTED; args=None
(0.000) SHOW FULL TABLES; args=None
(0.000) SELECT `django_migrations`.`app`, `django_migrations`.`name` FROM `django_migrations`; args=()
(0.000) SELECT @@SQL_AUTO_IS_NULL; args=None
(0.000) SET SESSION TRANSACTION ISOLATION LEVEL READ COMMITTED; args=None
(0.000) SELECT VERSION(); args=None
(0.000) SET SESSION TRANSACTION ISOLATION LEVEL READ COMMITTED; args=None
(0.000) SELECT `auth_user`.`id`, `auth_user`.`password`, `auth_user`.`last_login`, `auth_user`.`is_superuser`, `auth_user`.`username`, `auth_user`.`first_name`, `auth_user`.`last_name`, `auth_user`.`email`, `auth_user`.`is_staff`, `auth_user`.`is_active`, `auth_user`.`date_joined` FROM `auth_user` WHERE `auth_user`.`username` = 'admin'; args=('admin',)
(0.000) SELECT (1) AS `a` FROM `django_session` WHERE `django_session`.`session_key` = '79ia9z2ymvv6ol5ona5srvll85uobqyt' LIMIT 1; args=('79ia9z2ymvv6ol5ona5srvll85uobqyt',)
(0.000) INSERT INTO `django_session` (`session_key`, `session_data`, `expire_date`) VALUES ('79ia9z2ymvv6ol5ona5srvll85uobqyt', 'ZjUzNWVkMjQ3ODI1OThmN2M1ZWZhMTRmMjZkMDhjZjk4MDM0ZTQ2MTp7fQ==', '2019-05-17 20:01:41.955881'); args=('79ia9z2ymvv6ol5ona5srvll85uobqyt', 'ZjUzNWVkMjQ3ODI1OThmN2M1ZWZhMTRmMjZkMDhjZjk4MDM0ZTQ2MTp7fQ==', '2019-05-17 20:01:41.955881')
(0.000) UPDATE `auth_user` SET `last_login` = '2019-05-03 20:01:41.959451' WHERE `auth_user`.`id` = 1; args=('2019-05-03 20:01:41.959451', 1)
(0.000) UPDATE `django_session` SET `session_data` = 'ZmQxNmEyMTdjMmVjYjRlMjcwYmNlMjViMzhkMWFkZDQ1ZmVhOGRlZTp7Il9hdXRoX3VzZXJfaWQiOiIxIiwiX2F1dGhfdXNlcl9iYWNrZW5kIjoiZGphbmdvLmNvbnRyaWIuYXV0aC5iYWNrZW5kcy5Nb2RlbEJhY2tlbmQiLCJfYXV0aF91c2VyX2hhc2giOiIzZWNmY2NhMzQxYWQ5NDAwNzYzNmMzNGMwODViYTFiM2UwYTBkMmQyIn0=', `expire_date` = '2019-05-17 20:01:41.963387' WHERE `django_session`.`session_key` = '79ia9z2ymvv6ol5ona5srvll85uobqyt'; args=('ZmQxNmEyMTdjMmVjYjRlMjcwYmNlMjViMzhkMWFkZDQ1ZmVhOGRlZTp7Il9hdXRoX3VzZXJfaWQiOiIxIiwiX2F1dGhfdXNlcl9iYWNrZW5kIjoiZGphbmdvLmNvbnRyaWIuYXV0aC5iYWNrZW5kcy5Nb2RlbEJhY2tlbmQiLCJfYXV0aF91c2VyX2hhc2giOiIzZWNmY2NhMzQxYWQ5NDAwNzYzNmMzNGMwODViYTFiM2UwYTBkMmQyIn0=', '2019-05-17 20:01:41.963387', '79ia9z2ymvv6ol5ona5srvll85uobqyt')
"POST /admin/login/?next=/admin/ HTTP/1.1" 302 0
(0.000) SELECT @@SQL_AUTO_IS_NULL; args=None
(0.000) SET SESSION TRANSACTION ISOLATION LEVEL READ COMMITTED; args=None
(0.000) SELECT VERSION(); args=None
(0.000) SET SESSION TRANSACTION ISOLATION LEVEL READ COMMITTED; args=None
(0.000) SELECT `django_session`.`session_key`, `django_session`.`session_data`, `django_session`.`expire_date` FROM `django_session` WHERE (`django_session`.`expire_date` > '2019-05-03 20:01:41.995778' AND `django_session`.`session_key` = '79ia9z2ymvv6ol5ona5srvll85uobqyt'); args=('2019-05-03 20:01:41.995778', '79ia9z2ymvv6ol5ona5srvll85uobqyt')
(0.000) SELECT `auth_user`.`id`, `auth_user`.`password`, `auth_user`.`last_login`, `auth_user`.`is_superuser`, `auth_user`.`username`, `auth_user`.`first_name`, `auth_user`.`last_name`, `auth_user`.`email`, `auth_user`.`is_staff`, `auth_user`.`is_active`, `auth_user`.`date_joined` FROM `auth_user` WHERE `auth_user`.`id` = 1; args=(1,)
Exception while resolving variable 'is_popup' in template 'admin/index.html'.
Traceback (most recent call last):
  File "/data/portal/env/lib/python3.6/site-packages/django/template/base.py", line 835, in _resolve_lookup
    current = current[bit]
  File "/data/portal/env/lib/python3.6/site-packages/django/template/context.py", line 83, in __getitem__
    raise KeyError(key)
KeyError: 'is_popup'

During handling of the above exception, another exception occurred:

Traceback (most recent call last):
  File "/data/portal/env/lib/python3.6/site-packages/django/template/base.py", line 841, in _resolve_lookup
    if isinstance(current, BaseContext) and getattr(type(current), bit):
AttributeError: type object 'RequestContext' has no attribute 'is_popup'

During handling of the above exception, another exception occurred:

Traceback (most recent call last):
  File "/data/portal/env/lib/python3.6/site-packages/django/template/base.py", line 849, in _resolve_lookup
    current = current[int(bit)]
ValueError: invalid literal for int() with base 10: 'is_popup'

During handling of the above exception, another exception occurred:

Traceback (most recent call last):
  File "/data/portal/env/lib/python3.6/site-packages/django/template/base.py", line 856, in _resolve_lookup
    (bit, current))  # missing attribute
django.template.base.VariableDoesNotExist: Failed lookup for key [is_popup] in [{'True': True, 'False': False, 'None': None}, {'csrf_token': <SimpleLazyObject: <function csrf.<locals>._get_val at 0x7f6a5853bbf8>>, 'request': <WSGIRequest: GET '/admin/'>, 'user': <SimpleLazyObject: <User: admin>>, 'perms': <django.contrib.auth.context_processors.PermWrapper object at 0x7f6a584c5b70>, 'messages': <django.contrib.messages.storage.fallback.FallbackStorage object at 0x7f6a58542c50>, 'DEFAULT_MESSAGE_LEVELS': {'DEBUG': 10, 'INFO': 20, 'SUCCESS': 25, 'WARNING': 30, 'ERROR': 40}}, {}, {'site_title': 'Django site admin', 'site_header': 'Django administration', 'site_url': '/', 'has_permission': True, 'available_apps': [{'name': 'Authentication and Authorization', 'app_label': 'auth', 'app_url': '/admin/auth/', 'has_module_perms': True, 'models': [{'name': 'Groups', 'object_name': 'Group', 'perms': {'add': True, 'change': True, 'delete': True}, 'admin_url': '/admin/auth/group/', 'add_url': '/admin/auth/group/add/'}, {'name': 'Users', 'object_name': 'User', 'perms': {'add': True, 'change': True, 'delete': True}, 'admin_url': '/admin/auth/user/', 'add_url': '/admin/auth/user/add/'}]}], 'title': 'Site administration', 'app_list': [{'name': 'Authentication and Authorization', 'app_label': 'auth', 'app_url': '/admin/auth/', 'has_module_perms': True, 'models': [{'name': 'Groups', 'object_name': 'Group', 'perms': {'add': True, 'change': True, 'delete': True}, 'admin_url': '/admin/auth/group/', 'add_url': '/admin/auth/group/add/'}, {'name': 'Users', 'object_name': 'User', 'perms': {'add': True, 'change': True, 'delete': True}, 'admin_url': '/admin/auth/user/', 'add_url': '/admin/auth/user/add/'}]}], 'LANGUAGE_CODE': 'en-us', 'LANGUAGE_BIDI': False}]
Exception while resolving variable 'is_popup' in template 'admin/index.html'.
Traceback (most recent call last):
  File "/data/portal/env/lib/python3.6/site-packages/django/template/base.py", line 835, in _resolve_lookup
    current = current[bit]
  File "/data/portal/env/lib/python3.6/site-packages/django/template/context.py", line 83, in __getitem__
    raise KeyError(key)
KeyError: 'is_popup'

During handling of the above exception, another exception occurred:

Traceback (most recent call last):
  File "/data/portal/env/lib/python3.6/site-packages/django/template/base.py", line 841, in _resolve_lookup
    if isinstance(current, BaseContext) and getattr(type(current), bit):
AttributeError: type object 'RequestContext' has no attribute 'is_popup'

During handling of the above exception, another exception occurred:

Traceback (most recent call last):
  File "/data/portal/env/lib/python3.6/site-packages/django/template/base.py", line 849, in _resolve_lookup
    current = current[int(bit)]
ValueError: invalid literal for int() with base 10: 'is_popup'

During handling of the above exception, another exception occurred:

Traceback (most recent call last):
  File "/data/portal/env/lib/python3.6/site-packages/django/template/base.py", line 856, in _resolve_lookup
    (bit, current))  # missing attribute
django.template.base.VariableDoesNotExist: Failed lookup for key [is_popup] in [{'True': True, 'False': False, 'None': None}, {'csrf_token': <SimpleLazyObject: <function csrf.<locals>._get_val at 0x7f6a5853bbf8>>, 'request': <WSGIRequest: GET '/admin/'>, 'user': <SimpleLazyObject: <User: admin>>, 'perms': <django.contrib.auth.context_processors.PermWrapper object at 0x7f6a584c5b70>, 'messages': <django.contrib.messages.storage.fallback.FallbackStorage object at 0x7f6a58542c50>, 'DEFAULT_MESSAGE_LEVELS': {'DEBUG': 10, 'INFO': 20, 'SUCCESS': 25, 'WARNING': 30, 'ERROR': 40}}, {}, {'site_title': 'Django site admin', 'site_header': 'Django administration', 'site_url': '/', 'has_permission': True, 'available_apps': [{'name': 'Authentication and Authorization', 'app_label': 'auth', 'app_url': '/admin/auth/', 'has_module_perms': True, 'models': [{'name': 'Groups', 'object_name': 'Group', 'perms': {'add': True, 'change': True, 'delete': True}, 'admin_url': '/admin/auth/group/', 'add_url': '/admin/auth/group/add/'}, {'name': 'Users', 'object_name': 'User', 'perms': {'add': True, 'change': True, 'delete': True}, 'admin_url': '/admin/auth/user/', 'add_url': '/admin/auth/user/add/'}]}], 'title': 'Site administration', 'app_list': [{'name': 'Authentication and Authorization', 'app_label': 'auth', 'app_url': '/admin/auth/', 'has_module_perms': True, 'models': [{'name': 'Groups', 'object_name': 'Group', 'perms': {'add': True, 'change': True, 'delete': True}, 'admin_url': '/admin/auth/group/', 'add_url': '/admin/auth/group/add/'}, {'name': 'Users', 'object_name': 'User', 'perms': {'add': True, 'change': True, 'delete': True}, 'admin_url': '/admin/auth/user/', 'add_url': '/admin/auth/user/add/'}]}], 'LANGUAGE_CODE': 'en-us', 'LANGUAGE_BIDI': False}]
(0.001) SELECT `django_admin_log`.`id`, `django_admin_log`.`action_time`, `django_admin_log`.`user_id`, `django_admin_log`.`content_type_id`, `django_admin_log`.`object_id`, `django_admin_log`.`object_repr`, `django_admin_log`.`action_flag`, `django_admin_log`.`change_message`, `auth_user`.`id`, `auth_user`.`password`, `auth_user`.`last_login`, `auth_user`.`is_superuser`, `auth_user`.`username`, `auth_user`.`first_name`, `auth_user`.`last_name`, `auth_user`.`email`, `auth_user`.`is_staff`, `auth_user`.`is_active`, `auth_user`.`date_joined`, `django_content_type`.`id`, `django_content_type`.`app_label`, `django_content_type`.`model` FROM `django_admin_log` INNER JOIN `auth_user` ON (`django_admin_log`.`user_id` = `auth_user`.`id`) LEFT OUTER JOIN `django_content_type` ON (`django_admin_log`.`content_type_id` = `django_content_type`.`id`) WHERE `django_admin_log`.`user_id` = 1 ORDER BY `django_admin_log`.`action_time` DESC LIMIT 10; args=(1,)
"GET /admin/ HTTP/1.1" 200 3030
"GET /static/admin/css/dashboard.css HTTP/1.1" 304 0
"GET /static/admin/img/icon-addlink.svg HTTP/1.1" 304 0
"GET /static/admin/img/icon-changelink.svg HTTP/1.1" 304 0
(0.000) SELECT @@SQL_AUTO_IS_NULL; args=None
(0.000) SET SESSION TRANSACTION ISOLATION LEVEL READ COMMITTED; args=None
(0.000) SELECT VERSION(); args=None
(0.000) SET SESSION TRANSACTION ISOLATION LEVEL READ COMMITTED; args=None
(0.000) SELECT `django_session`.`session_key`, `django_session`.`session_data`, `django_session`.`expire_date` FROM `django_session` WHERE (`django_session`.`expire_date` > '2019-05-03 20:01:46.015830' AND `django_session`.`session_key` = '79ia9z2ymvv6ol5ona5srvll85uobqyt'); args=('2019-05-03 20:01:46.015830', '79ia9z2ymvv6ol5ona5srvll85uobqyt')
(0.000) SELECT `auth_user`.`id`, `auth_user`.`password`, `auth_user`.`last_login`, `auth_user`.`is_superuser`, `auth_user`.`username`, `auth_user`.`first_name`, `auth_user`.`last_name`, `auth_user`.`email`, `auth_user`.`is_staff`, `auth_user`.`is_active`, `auth_user`.`date_joined` FROM `auth_user` WHERE `auth_user`.`id` = 1; args=(1,)
(0.001) SELECT `auth_group`.`id`, `auth_group`.`name` FROM `auth_group`; args=()
(0.000) SELECT COUNT(*) AS `__count` FROM `auth_user`; args=()
(0.000) SELECT COUNT(*) AS `__count` FROM `auth_user`; args=()
(0.000) SELECT `auth_user`.`id`, `auth_user`.`password`, `auth_user`.`last_login`, `auth_user`.`is_superuser`, `auth_user`.`username`, `auth_user`.`first_name`, `auth_user`.`last_name`, `auth_user`.`email`, `auth_user`.`is_staff`, `auth_user`.`is_active`, `auth_user`.`date_joined` FROM `auth_user` ORDER BY `auth_user`.`username` ASC, `auth_user`.`id` DESC; args=()
Exception while resolving variable 'errors' in template 'admin/change_list.html'.
Traceback (most recent call last):
  File "/data/portal/env/lib/python3.6/site-packages/django/template/base.py", line 835, in _resolve_lookup
    current = current[bit]
TypeError: 'NoneType' object is not subscriptable

During handling of the above exception, another exception occurred:

Traceback (most recent call last):
  File "/data/portal/env/lib/python3.6/site-packages/django/template/base.py", line 843, in _resolve_lookup
    current = getattr(current, bit)
AttributeError: 'NoneType' object has no attribute 'errors'

During handling of the above exception, another exception occurred:

Traceback (most recent call last):
  File "/data/portal/env/lib/python3.6/site-packages/django/template/base.py", line 849, in _resolve_lookup
    current = current[int(bit)]
ValueError: invalid literal for int() with base 10: 'errors'

During handling of the above exception, another exception occurred:

Traceback (most recent call last):
  File "/data/portal/env/lib/python3.6/site-packages/django/template/base.py", line 856, in _resolve_lookup
    (bit, current))  # missing attribute
django.template.base.VariableDoesNotExist: Failed lookup for key [errors] in None
Exception while resolving variable 'show' in template 'admin/change_list.html'.
Traceback (most recent call last):
  File "/data/portal/env/lib/python3.6/site-packages/django/template/base.py", line 835, in _resolve_lookup
    current = current[bit]
  File "/data/portal/env/lib/python3.6/site-packages/django/template/context.py", line 83, in __getitem__
    raise KeyError(key)
KeyError: 'show'

During handling of the above exception, another exception occurred:

Traceback (most recent call last):
  File "/data/portal/env/lib/python3.6/site-packages/django/template/base.py", line 841, in _resolve_lookup
    if isinstance(current, BaseContext) and getattr(type(current), bit):
AttributeError: type object 'RequestContext' has no attribute 'show'

During handling of the above exception, another exception occurred:

Traceback (most recent call last):
  File "/data/portal/env/lib/python3.6/site-packages/django/template/base.py", line 849, in _resolve_lookup
    current = current[int(bit)]
ValueError: invalid literal for int() with base 10: 'show'

During handling of the above exception, another exception occurred:

Traceback (most recent call last):
  File "/data/portal/env/lib/python3.6/site-packages/django/template/base.py", line 856, in _resolve_lookup
    (bit, current))  # missing attribute
django.template.base.VariableDoesNotExist: Failed lookup for key [show] in [{'True': True, 'False': False, 'None': None, 'csrf_token': <SimpleLazyObject: <function csrf.<locals>._get_val at 0x7f6a5853bbf8>>}]
Exception while resolving variable 'is_multipart' in template 'admin/change_list.html'.
Traceback (most recent call last):
  File "/data/portal/env/lib/python3.6/site-packages/django/template/base.py", line 835, in _resolve_lookup
    current = current[bit]
TypeError: 'NoneType' object is not subscriptable

During handling of the above exception, another exception occurred:

Traceback (most recent call last):
  File "/data/portal/env/lib/python3.6/site-packages/django/template/base.py", line 843, in _resolve_lookup
    current = getattr(current, bit)
AttributeError: 'NoneType' object has no attribute 'is_multipart'

During handling of the above exception, another exception occurred:

Traceback (most recent call last):
  File "/data/portal/env/lib/python3.6/site-packages/django/template/base.py", line 849, in _resolve_lookup
    current = current[int(bit)]
ValueError: invalid literal for int() with base 10: 'is_multipart'

During handling of the above exception, another exception occurred:

Traceback (most recent call last):
  File "/data/portal/env/lib/python3.6/site-packages/django/template/base.py", line 856, in _resolve_lookup
    (bit, current))  # missing attribute
django.template.base.VariableDoesNotExist: Failed lookup for key [is_multipart] in None
Exception while resolving variable 'non_field_errors' in template 'admin/change_list.html'.
Traceback (most recent call last):
  File "/data/portal/env/lib/python3.6/site-packages/django/template/base.py", line 835, in _resolve_lookup
    current = current[bit]
TypeError: 'NoneType' object is not subscriptable

During handling of the above exception, another exception occurred:

Traceback (most recent call last):
  File "/data/portal/env/lib/python3.6/site-packages/django/template/base.py", line 843, in _resolve_lookup
    current = getattr(current, bit)
AttributeError: 'NoneType' object has no attribute 'non_field_errors'

During handling of the above exception, another exception occurred:

Traceback (most recent call last):
  File "/data/portal/env/lib/python3.6/site-packages/django/template/base.py", line 849, in _resolve_lookup
    current = current[int(bit)]
ValueError: invalid literal for int() with base 10: 'non_field_errors'

During handling of the above exception, another exception occurred:

Traceback (most recent call last):
  File "/data/portal/env/lib/python3.6/site-packages/django/template/base.py", line 856, in _resolve_lookup
    (bit, current))  # missing attribute
django.template.base.VariableDoesNotExist: Failed lookup for key [non_field_errors] in None
"GET /admin/auth/user/ HTTP/1.1" 200 6700
"GET /static/admin/css/changelists.css HTTP/1.1" 200 6170
(0.000) SELECT @@SQL_AUTO_IS_NULL; args=None
(0.000) SET SESSION TRANSACTION ISOLATION LEVEL READ COMMITTED; args=None
(0.000) SELECT VERSION(); args=None
(0.000) SET SESSION TRANSACTION ISOLATION LEVEL READ COMMITTED; args=None
(0.000) SELECT `django_session`.`session_key`, `django_session`.`session_data`, `django_session`.`expire_date` FROM `django_session` WHERE (`django_session`.`expire_date` > '2019-05-03 20:01:46.105323' AND `django_session`.`session_key` = '79ia9z2ymvv6ol5ona5srvll85uobqyt'); args=('2019-05-03 20:01:46.105323', '79ia9z2ymvv6ol5ona5srvll85uobqyt')
(0.000) SELECT `auth_user`.`id`, `auth_user`.`password`, `auth_user`.`last_login`, `auth_user`.`is_superuser`, `auth_user`.`username`, `auth_user`.`first_name`, `auth_user`.`last_name`, `auth_user`.`email`, `auth_user`.`is_staff`, `auth_user`.`is_active`, `auth_user`.`date_joined` FROM `auth_user` WHERE `auth_user`.`id` = 1; args=(1,)
"GET /admin/jsi18n/ HTTP/1.1" 200 3185
"GET /static/admin/js/jquery.init.js HTTP/1.1" 200 363
"GET /static/admin/js/core.js HTTP/1.1" 200 7134
"GET /static/admin/js/admin/RelatedObjectLookups.js HTTP/1.1" 200 6897
"GET /static/admin/js/actions.js HTTP/1.1" 200 6502
"GET /static/admin/js/vendor/jquery/jquery.js HTTP/1.1" 200 258648
"GET /static/admin/js/prepopulate.js HTTP/1.1" 200 1538
"GET /static/admin/js/urlify.js HTTP/1.1" 200 8729
"GET /static/admin/img/search.svg HTTP/1.1" 200 458
"GET /static/admin/img/icon-yes.svg HTTP/1.1" 200 436
"GET /static/admin/js/vendor/xregexp/xregexp.js HTTP/1.1" 200 128820
"GET /static/admin/img/tooltag-add.svg HTTP/1.1" 200 331
"GET /static/admin/img/sorting-icons.svg HTTP/1.1" 200 1097
(0.000) SELECT @@SQL_AUTO_IS_NULL; args=None
(0.000) SET SESSION TRANSACTION ISOLATION LEVEL READ COMMITTED; args=None
(0.000) SELECT VERSION(); args=None
(0.000) SET SESSION TRANSACTION ISOLATION LEVEL READ COMMITTED; args=None
(0.000) SELECT `django_session`.`session_key`, `django_session`.`session_data`, `django_session`.`expire_date` FROM `django_session` WHERE (`django_session`.`expire_date` > '2019-05-03 20:01:48.218441' AND `django_session`.`session_key` = '79ia9z2ymvv6ol5ona5srvll85uobqyt'); args=('2019-05-03 20:01:48.218441', '79ia9z2ymvv6ol5ona5srvll85uobqyt')
(0.000) SELECT `auth_user`.`id`, `auth_user`.`password`, `auth_user`.`last_login`, `auth_user`.`is_superuser`, `auth_user`.`username`, `auth_user`.`first_name`, `auth_user`.`last_name`, `auth_user`.`email`, `auth_user`.`is_staff`, `auth_user`.`is_active`, `auth_user`.`date_joined` FROM `auth_user` WHERE `auth_user`.`id` = 1; args=(1,)
Exception while resolving variable 'is_popup' in template 'admin/index.html'.
Traceback (most recent call last):
  File "/data/portal/env/lib/python3.6/site-packages/django/template/base.py", line 835, in _resolve_lookup
    current = current[bit]
  File "/data/portal/env/lib/python3.6/site-packages/django/template/context.py", line 83, in __getitem__
    raise KeyError(key)
KeyError: 'is_popup'

During handling of the above exception, another exception occurred:

Traceback (most recent call last):
  File "/data/portal/env/lib/python3.6/site-packages/django/template/base.py", line 841, in _resolve_lookup
    if isinstance(current, BaseContext) and getattr(type(current), bit):
AttributeError: type object 'RequestContext' has no attribute 'is_popup'

During handling of the above exception, another exception occurred:

Traceback (most recent call last):
  File "/data/portal/env/lib/python3.6/site-packages/django/template/base.py", line 849, in _resolve_lookup
    current = current[int(bit)]
ValueError: invalid literal for int() with base 10: 'is_popup'

During handling of the above exception, another exception occurred:

Traceback (most recent call last):
  File "/data/portal/env/lib/python3.6/site-packages/django/template/base.py", line 856, in _resolve_lookup
    (bit, current))  # missing attribute
django.template.base.VariableDoesNotExist: Failed lookup for key [is_popup] in [{'True': True, 'False': False, 'None': None}, {'csrf_token': <SimpleLazyObject: <function csrf.<locals>._get_val at 0x7f6a5853b598>>, 'request': <WSGIRequest: GET '/admin/'>, 'user': <SimpleLazyObject: <User: admin>>, 'perms': <django.contrib.auth.context_processors.PermWrapper object at 0x7f6a583e8dd8>, 'messages': <django.contrib.messages.storage.fallback.FallbackStorage object at 0x7f6a594a0f98>, 'DEFAULT_MESSAGE_LEVELS': {'DEBUG': 10, 'INFO': 20, 'SUCCESS': 25, 'WARNING': 30, 'ERROR': 40}}, {}, {'site_title': 'Django site admin', 'site_header': 'Django administration', 'site_url': '/', 'has_permission': True, 'available_apps': [{'name': 'Authentication and Authorization', 'app_label': 'auth', 'app_url': '/admin/auth/', 'has_module_perms': True, 'models': [{'name': 'Groups', 'object_name': 'Group', 'perms': {'add': True, 'change': True, 'delete': True}, 'admin_url': '/admin/auth/group/', 'add_url': '/admin/auth/group/add/'}, {'name': 'Users', 'object_name': 'User', 'perms': {'add': True, 'change': True, 'delete': True}, 'admin_url': '/admin/auth/user/', 'add_url': '/admin/auth/user/add/'}]}], 'title': 'Site administration', 'app_list': [{'name': 'Authentication and Authorization', 'app_label': 'auth', 'app_url': '/admin/auth/', 'has_module_perms': True, 'models': [{'name': 'Groups', 'object_name': 'Group', 'perms': {'add': True, 'change': True, 'delete': True}, 'admin_url': '/admin/auth/group/', 'add_url': '/admin/auth/group/add/'}, {'name': 'Users', 'object_name': 'User', 'perms': {'add': True, 'change': True, 'delete': True}, 'admin_url': '/admin/auth/user/', 'add_url': '/admin/auth/user/add/'}]}], 'LANGUAGE_CODE': 'en-us', 'LANGUAGE_BIDI': False}]
Exception while resolving variable 'is_popup' in template 'admin/index.html'.
Traceback (most recent call last):
  File "/data/portal/env/lib/python3.6/site-packages/django/template/base.py", line 835, in _resolve_lookup
    current = current[bit]
  File "/data/portal/env/lib/python3.6/site-packages/django/template/context.py", line 83, in __getitem__
    raise KeyError(key)
KeyError: 'is_popup'

During handling of the above exception, another exception occurred:

Traceback (most recent call last):
  File "/data/portal/env/lib/python3.6/site-packages/django/template/base.py", line 841, in _resolve_lookup
    if isinstance(current, BaseContext) and getattr(type(current), bit):
AttributeError: type object 'RequestContext' has no attribute 'is_popup'

During handling of the above exception, another exception occurred:

Traceback (most recent call last):
  File "/data/portal/env/lib/python3.6/site-packages/django/template/base.py", line 849, in _resolve_lookup
    current = current[int(bit)]
ValueError: invalid literal for int() with base 10: 'is_popup'

During handling of the above exception, another exception occurred:

Traceback (most recent call last):
  File "/data/portal/env/lib/python3.6/site-packages/django/template/base.py", line 856, in _resolve_lookup
    (bit, current))  # missing attribute
django.template.base.VariableDoesNotExist: Failed lookup for key [is_popup] in [{'True': True, 'False': False, 'None': None}, {'csrf_token': <SimpleLazyObject: <function csrf.<locals>._get_val at 0x7f6a5853b598>>, 'request': <WSGIRequest: GET '/admin/'>, 'user': <SimpleLazyObject: <User: admin>>, 'perms': <django.contrib.auth.context_processors.PermWrapper object at 0x7f6a583e8dd8>, 'messages': <django.contrib.messages.storage.fallback.FallbackStorage object at 0x7f6a594a0f98>, 'DEFAULT_MESSAGE_LEVELS': {'DEBUG': 10, 'INFO': 20, 'SUCCESS': 25, 'WARNING': 30, 'ERROR': 40}}, {}, {'site_title': 'Django site admin', 'site_header': 'Django administration', 'site_url': '/', 'has_permission': True, 'available_apps': [{'name': 'Authentication and Authorization', 'app_label': 'auth', 'app_url': '/admin/auth/', 'has_module_perms': True, 'models': [{'name': 'Groups', 'object_name': 'Group', 'perms': {'add': True, 'change': True, 'delete': True}, 'admin_url': '/admin/auth/group/', 'add_url': '/admin/auth/group/add/'}, {'name': 'Users', 'object_name': 'User', 'perms': {'add': True, 'change': True, 'delete': True}, 'admin_url': '/admin/auth/user/', 'add_url': '/admin/auth/user/add/'}]}], 'title': 'Site administration', 'app_list': [{'name': 'Authentication and Authorization', 'app_label': 'auth', 'app_url': '/admin/auth/', 'has_module_perms': True, 'models': [{'name': 'Groups', 'object_name': 'Group', 'perms': {'add': True, 'change': True, 'delete': True}, 'admin_url': '/admin/auth/group/', 'add_url': '/admin/auth/group/add/'}, {'name': 'Users', 'object_name': 'User', 'perms': {'add': True, 'change': True, 'delete': True}, 'admin_url': '/admin/auth/user/', 'add_url': '/admin/auth/user/add/'}]}], 'LANGUAGE_CODE': 'en-us', 'LANGUAGE_BIDI': False}]
(0.000) SELECT `django_admin_log`.`id`, `django_admin_log`.`action_time`, `django_admin_log`.`user_id`, `django_admin_log`.`content_type_id`, `django_admin_log`.`object_id`, `django_admin_log`.`object_repr`, `django_admin_log`.`action_flag`, `django_admin_log`.`change_message`, `auth_user`.`id`, `auth_user`.`password`, `auth_user`.`last_login`, `auth_user`.`is_superuser`, `auth_user`.`username`, `auth_user`.`first_name`, `auth_user`.`last_name`, `auth_user`.`email`, `auth_user`.`is_staff`, `auth_user`.`is_active`, `auth_user`.`date_joined`, `django_content_type`.`id`, `django_content_type`.`app_label`, `django_content_type`.`model` FROM `django_admin_log` INNER JOIN `auth_user` ON (`django_admin_log`.`user_id` = `auth_user`.`id`) LEFT OUTER JOIN `django_content_type` ON (`django_admin_log`.`content_type_id` = `django_content_type`.`id`) WHERE `django_admin_log`.`user_id` = 1 ORDER BY `django_admin_log`.`action_time` DESC LIMIT 10; args=(1,)
"GET /admin/ HTTP/1.1" 200 3030
(0.000) SELECT @@SQL_AUTO_IS_NULL; args=None
(0.000) SET SESSION TRANSACTION ISOLATION LEVEL READ COMMITTED; args=None
(0.000) SELECT VERSION(); args=None
(0.000) SET SESSION TRANSACTION ISOLATION LEVEL READ COMMITTED; args=None
(0.000) SELECT `django_session`.`session_key`, `django_session`.`session_data`, `django_session`.`expire_date` FROM `django_session` WHERE (`django_session`.`expire_date` > '2019-05-03 20:01:49.152320' AND `django_session`.`session_key` = '79ia9z2ymvv6ol5ona5srvll85uobqyt'); args=('2019-05-03 20:01:49.152320', '79ia9z2ymvv6ol5ona5srvll85uobqyt')
(0.000) SELECT `auth_user`.`id`, `auth_user`.`password`, `auth_user`.`last_login`, `auth_user`.`is_superuser`, `auth_user`.`username`, `auth_user`.`first_name`, `auth_user`.`last_name`, `auth_user`.`email`, `auth_user`.`is_staff`, `auth_user`.`is_active`, `auth_user`.`date_joined` FROM `auth_user` WHERE `auth_user`.`id` = 1; args=(1,)
(0.000) SELECT COUNT(*) AS `__count` FROM `auth_group`; args=()
(0.000) SELECT COUNT(*) AS `__count` FROM `auth_group`; args=()
(0.000) SELECT `auth_group`.`id`, `auth_group`.`name` FROM `auth_group` ORDER BY `auth_group`.`name` ASC, `auth_group`.`id` DESC; args=()
Exception while resolving variable 'errors' in template 'admin/change_list.html'.
Traceback (most recent call last):
  File "/data/portal/env/lib/python3.6/site-packages/django/template/base.py", line 835, in _resolve_lookup
    current = current[bit]
TypeError: 'NoneType' object is not subscriptable

During handling of the above exception, another exception occurred:

Traceback (most recent call last):
  File "/data/portal/env/lib/python3.6/site-packages/django/template/base.py", line 843, in _resolve_lookup
    current = getattr(current, bit)
AttributeError: 'NoneType' object has no attribute 'errors'

During handling of the above exception, another exception occurred:

Traceback (most recent call last):
  File "/data/portal/env/lib/python3.6/site-packages/django/template/base.py", line 849, in _resolve_lookup
    current = current[int(bit)]
ValueError: invalid literal for int() with base 10: 'errors'

During handling of the above exception, another exception occurred:

Traceback (most recent call last):
  File "/data/portal/env/lib/python3.6/site-packages/django/template/base.py", line 856, in _resolve_lookup
    (bit, current))  # missing attribute
django.template.base.VariableDoesNotExist: Failed lookup for key [errors] in None
Exception while resolving variable 'show' in template 'admin/change_list.html'.
Traceback (most recent call last):
  File "/data/portal/env/lib/python3.6/site-packages/django/template/base.py", line 835, in _resolve_lookup
    current = current[bit]
  File "/data/portal/env/lib/python3.6/site-packages/django/template/context.py", line 83, in __getitem__
    raise KeyError(key)
KeyError: 'show'

During handling of the above exception, another exception occurred:

Traceback (most recent call last):
  File "/data/portal/env/lib/python3.6/site-packages/django/template/base.py", line 841, in _resolve_lookup
    if isinstance(current, BaseContext) and getattr(type(current), bit):
AttributeError: type object 'RequestContext' has no attribute 'show'

During handling of the above exception, another exception occurred:

Traceback (most recent call last):
  File "/data/portal/env/lib/python3.6/site-packages/django/template/base.py", line 849, in _resolve_lookup
    current = current[int(bit)]
ValueError: invalid literal for int() with base 10: 'show'

During handling of the above exception, another exception occurred:

Traceback (most recent call last):
  File "/data/portal/env/lib/python3.6/site-packages/django/template/base.py", line 856, in _resolve_lookup
    (bit, current))  # missing attribute
django.template.base.VariableDoesNotExist: Failed lookup for key [show] in [{'True': True, 'False': False, 'None': None, 'csrf_token': <SimpleLazyObject: <function csrf.<locals>._get_val at 0x7f6a5918f2f0>>}]
Exception while resolving variable 'is_multipart' in template 'admin/change_list.html'.
Traceback (most recent call last):
  File "/data/portal/env/lib/python3.6/site-packages/django/template/base.py", line 835, in _resolve_lookup
    current = current[bit]
TypeError: 'NoneType' object is not subscriptable

During handling of the above exception, another exception occurred:

Traceback (most recent call last):
  File "/data/portal/env/lib/python3.6/site-packages/django/template/base.py", line 843, in _resolve_lookup
    current = getattr(current, bit)
AttributeError: 'NoneType' object has no attribute 'is_multipart'

During handling of the above exception, another exception occurred:

Traceback (most recent call last):
  File "/data/portal/env/lib/python3.6/site-packages/django/template/base.py", line 849, in _resolve_lookup
    current = current[int(bit)]
ValueError: invalid literal for int() with base 10: 'is_multipart'

During handling of the above exception, another exception occurred:

Traceback (most recent call last):
  File "/data/portal/env/lib/python3.6/site-packages/django/template/base.py", line 856, in _resolve_lookup
    (bit, current))  # missing attribute
django.template.base.VariableDoesNotExist: Failed lookup for key [is_multipart] in None
"GET /admin/auth/group/ HTTP/1.1" 200 3630
(0.000) SELECT @@SQL_AUTO_IS_NULL; args=None
(0.000) SET SESSION TRANSACTION ISOLATION LEVEL READ COMMITTED; args=None
(0.000) SELECT VERSION(); args=None
(0.000) SET SESSION TRANSACTION ISOLATION LEVEL READ COMMITTED; args=None
(0.000) SELECT `django_session`.`session_key`, `django_session`.`session_data`, `django_session`.`expire_date` FROM `django_session` WHERE (`django_session`.`expire_date` > '2019-05-03 20:01:49.205222' AND `django_session`.`session_key` = '79ia9z2ymvv6ol5ona5srvll85uobqyt'); args=('2019-05-03 20:01:49.205222', '79ia9z2ymvv6ol5ona5srvll85uobqyt')
(0.000) SELECT `auth_user`.`id`, `auth_user`.`password`, `auth_user`.`last_login`, `auth_user`.`is_superuser`, `auth_user`.`username`, `auth_user`.`first_name`, `auth_user`.`last_name`, `auth_user`.`email`, `auth_user`.`is_staff`, `auth_user`.`is_active`, `auth_user`.`date_joined` FROM `auth_user` WHERE `auth_user`.`id` = 1; args=(1,)
"GET /admin/jsi18n/ HTTP/1.1" 200 3185
(0.000) SELECT @@SQL_AUTO_IS_NULL; args=None
(0.000) SET SESSION TRANSACTION ISOLATION LEVEL READ COMMITTED; args=None
(0.000) SELECT VERSION(); args=None
(0.000) SET SESSION TRANSACTION ISOLATION LEVEL READ COMMITTED; args=None
(0.000) SELECT `django_session`.`session_key`, `django_session`.`session_data`, `django_session`.`expire_date` FROM `django_session` WHERE (`django_session`.`expire_date` > '2019-05-03 20:01:50.406469' AND `django_session`.`session_key` = '79ia9z2ymvv6ol5ona5srvll85uobqyt'); args=('2019-05-03 20:01:50.406469', '79ia9z2ymvv6ol5ona5srvll85uobqyt')
(0.000) SELECT `auth_user`.`id`, `auth_user`.`password`, `auth_user`.`last_login`, `auth_user`.`is_superuser`, `auth_user`.`username`, `auth_user`.`first_name`, `auth_user`.`last_name`, `auth_user`.`email`, `auth_user`.`is_staff`, `auth_user`.`is_active`, `auth_user`.`date_joined` FROM `auth_user` WHERE `auth_user`.`id` = 1; args=(1,)
Exception while resolving variable 'is_popup' in template 'admin/index.html'.
Traceback (most recent call last):
  File "/data/portal/env/lib/python3.6/site-packages/django/template/base.py", line 835, in _resolve_lookup
    current = current[bit]
  File "/data/portal/env/lib/python3.6/site-packages/django/template/context.py", line 83, in __getitem__
    raise KeyError(key)
KeyError: 'is_popup'

During handling of the above exception, another exception occurred:

Traceback (most recent call last):
  File "/data/portal/env/lib/python3.6/site-packages/django/template/base.py", line 841, in _resolve_lookup
    if isinstance(current, BaseContext) and getattr(type(current), bit):
AttributeError: type object 'RequestContext' has no attribute 'is_popup'

During handling of the above exception, another exception occurred:

Traceback (most recent call last):
  File "/data/portal/env/lib/python3.6/site-packages/django/template/base.py", line 849, in _resolve_lookup
    current = current[int(bit)]
ValueError: invalid literal for int() with base 10: 'is_popup'

During handling of the above exception, another exception occurred:

Traceback (most recent call last):
  File "/data/portal/env/lib/python3.6/site-packages/django/template/base.py", line 856, in _resolve_lookup
    (bit, current))  # missing attribute
django.template.base.VariableDoesNotExist: Failed lookup for key [is_popup] in [{'True': True, 'False': False, 'None': None}, {'csrf_token': <SimpleLazyObject: <function csrf.<locals>._get_val at 0x7f6a5853bbf8>>, 'request': <WSGIRequest: GET '/admin/'>, 'user': <SimpleLazyObject: <User: admin>>, 'perms': <django.contrib.auth.context_processors.PermWrapper object at 0x7f6a58469f28>, 'messages': <django.contrib.messages.storage.fallback.FallbackStorage object at 0x7f6a58456f98>, 'DEFAULT_MESSAGE_LEVELS': {'DEBUG': 10, 'INFO': 20, 'SUCCESS': 25, 'WARNING': 30, 'ERROR': 40}}, {}, {'site_title': 'Django site admin', 'site_header': 'Django administration', 'site_url': '/', 'has_permission': True, 'available_apps': [{'name': 'Authentication and Authorization', 'app_label': 'auth', 'app_url': '/admin/auth/', 'has_module_perms': True, 'models': [{'name': 'Groups', 'object_name': 'Group', 'perms': {'add': True, 'change': True, 'delete': True}, 'admin_url': '/admin/auth/group/', 'add_url': '/admin/auth/group/add/'}, {'name': 'Users', 'object_name': 'User', 'perms': {'add': True, 'change': True, 'delete': True}, 'admin_url': '/admin/auth/user/', 'add_url': '/admin/auth/user/add/'}]}], 'title': 'Site administration', 'app_list': [{'name': 'Authentication and Authorization', 'app_label': 'auth', 'app_url': '/admin/auth/', 'has_module_perms': True, 'models': [{'name': 'Groups', 'object_name': 'Group', 'perms': {'add': True, 'change': True, 'delete': True}, 'admin_url': '/admin/auth/group/', 'add_url': '/admin/auth/group/add/'}, {'name': 'Users', 'object_name': 'User', 'perms': {'add': True, 'change': True, 'delete': True}, 'admin_url': '/admin/auth/user/', 'add_url': '/admin/auth/user/add/'}]}], 'LANGUAGE_CODE': 'en-us', 'LANGUAGE_BIDI': False}]
Exception while resolving variable 'is_popup' in template 'admin/index.html'.
Traceback (most recent call last):
  File "/data/portal/env/lib/python3.6/site-packages/django/template/base.py", line 835, in _resolve_lookup
    current = current[bit]
  File "/data/portal/env/lib/python3.6/site-packages/django/template/context.py", line 83, in __getitem__
    raise KeyError(key)
KeyError: 'is_popup'

During handling of the above exception, another exception occurred:

Traceback (most recent call last):
  File "/data/portal/env/lib/python3.6/site-packages/django/template/base.py", line 841, in _resolve_lookup
    if isinstance(current, BaseContext) and getattr(type(current), bit):
AttributeError: type object 'RequestContext' has no attribute 'is_popup'

During handling of the above exception, another exception occurred:

Traceback (most recent call last):
  File "/data/portal/env/lib/python3.6/site-packages/django/template/base.py", line 849, in _resolve_lookup
    current = current[int(bit)]
ValueError: invalid literal for int() with base 10: 'is_popup'

During handling of the above exception, another exception occurred:

Traceback (most recent call last):
  File "/data/portal/env/lib/python3.6/site-packages/django/template/base.py", line 856, in _resolve_lookup
    (bit, current))  # missing attribute
django.template.base.VariableDoesNotExist: Failed lookup for key [is_popup] in [{'True': True, 'False': False, 'None': None}, {'csrf_token': <SimpleLazyObject: <function csrf.<locals>._get_val at 0x7f6a5853bbf8>>, 'request': <WSGIRequest: GET '/admin/'>, 'user': <SimpleLazyObject: <User: admin>>, 'perms': <django.contrib.auth.context_processors.PermWrapper object at 0x7f6a58469f28>, 'messages': <django.contrib.messages.storage.fallback.FallbackStorage object at 0x7f6a58456f98>, 'DEFAULT_MESSAGE_LEVELS': {'DEBUG': 10, 'INFO': 20, 'SUCCESS': 25, 'WARNING': 30, 'ERROR': 40}}, {}, {'site_title': 'Django site admin', 'site_header': 'Django administration', 'site_url': '/', 'has_permission': True, 'available_apps': [{'name': 'Authentication and Authorization', 'app_label': 'auth', 'app_url': '/admin/auth/', 'has_module_perms': True, 'models': [{'name': 'Groups', 'object_name': 'Group', 'perms': {'add': True, 'change': True, 'delete': True}, 'admin_url': '/admin/auth/group/', 'add_url': '/admin/auth/group/add/'}, {'name': 'Users', 'object_name': 'User', 'perms': {'add': True, 'change': True, 'delete': True}, 'admin_url': '/admin/auth/user/', 'add_url': '/admin/auth/user/add/'}]}], 'title': 'Site administration', 'app_list': [{'name': 'Authentication and Authorization', 'app_label': 'auth', 'app_url': '/admin/auth/', 'has_module_perms': True, 'models': [{'name': 'Groups', 'object_name': 'Group', 'perms': {'add': True, 'change': True, 'delete': True}, 'admin_url': '/admin/auth/group/', 'add_url': '/admin/auth/group/add/'}, {'name': 'Users', 'object_name': 'User', 'perms': {'add': True, 'change': True, 'delete': True}, 'admin_url': '/admin/auth/user/', 'add_url': '/admin/auth/user/add/'}]}], 'LANGUAGE_CODE': 'en-us', 'LANGUAGE_BIDI': False}]
(0.000) SELECT `django_admin_log`.`id`, `django_admin_log`.`action_time`, `django_admin_log`.`user_id`, `django_admin_log`.`content_type_id`, `django_admin_log`.`object_id`, `django_admin_log`.`object_repr`, `django_admin_log`.`action_flag`, `django_admin_log`.`change_message`, `auth_user`.`id`, `auth_user`.`password`, `auth_user`.`last_login`, `auth_user`.`is_superuser`, `auth_user`.`username`, `auth_user`.`first_name`, `auth_user`.`last_name`, `auth_user`.`email`, `auth_user`.`is_staff`, `auth_user`.`is_active`, `auth_user`.`date_joined`, `django_content_type`.`id`, `django_content_type`.`app_label`, `django_content_type`.`model` FROM `django_admin_log` INNER JOIN `auth_user` ON (`django_admin_log`.`user_id` = `auth_user`.`id`) LEFT OUTER JOIN `django_content_type` ON (`django_admin_log`.`content_type_id` = `django_content_type`.`id`) WHERE `django_admin_log`.`user_id` = 1 ORDER BY `django_admin_log`.`action_time` DESC LIMIT 10; args=(1,)
"GET /admin/ HTTP/1.1" 200 3030
(0.000) SELECT @@SQL_AUTO_IS_NULL; args=None
(0.000) SET SESSION TRANSACTION ISOLATION LEVEL READ COMMITTED; args=None
(0.000) SELECT VERSION(); args=None
